2014/04/18 11:25:40 [error] [exception.CHttpException.404] exception 'CHttpException' with message 'Unable to resolve the request "login".' in C:\xampp\htdocs\yii\framework\web\CWebApplication.php:286
Stack trace:
#0 C:\xampp\htdocs\yii\framework\web\CWebApplication.php(141): CWebApplication->runController('login')
#1 C:\xampp\htdocs\yii\framework\base\CApplication.php(180): CWebApplication->processRequest()
#2 C:\xampp\htdocs\SIMANSA\index.php(13): CApplication->run()
#3 {main}
REQUEST_URI=/SIMANSA/index.php?r=login
---
2014/04/19 13:33:14 [error] [php] imagettfbbox(): Invalid font filename (C:\xampp\htdocs\yii\framework\web\widgets\captcha\CCaptchaAction.php:264)
Stack trace:
#0 C:\xampp\htdocs\yii\framework\web\widgets\captcha\CCaptchaAction.php(130): CCaptchaAction->renderImage()
#1 C:\xampp\htdocs\yii\framework\web\actions\CAction.php(76): CCaptchaAction->run()
#2 C:\xampp\htdocs\yii\framework\web\CController.php(308): CCaptchaAction->runWithParams()
#3 C:\xampp\htdocs\yii\framework\web\CController.php(286): SiteController->runAction()
#4 C:\xampp\htdocs\yii\framework\web\CController.php(265): SiteController->runActionWithFilters()
#5 C:\xampp\htdocs\yii\framework\web\CWebApplication.php(282): SiteController->run()
#6 C:\xampp\htdocs\yii\framework\web\CWebApplication.php(141): CWebApplication->runController()
#7 C:\xampp\htdocs\yii\framework\base\CApplication.php(180): CWebApplication->processRequest()
#8 C:\xampp\htdocs\SIMANSA\index.php(13): CWebApplication->run()
REQUEST_URI=/SIMANSA/index.php?r=site/captcha&v=53525efa830a7
in C:\xampp\htdocs\SIMANSA\index.php (13)
2014/04/19 13:33:16 [error] [php] imagettfbbox(): Invalid font filename (C:\xampp\htdocs\yii\framework\web\widgets\captcha\CCaptchaAction.php:264)
Stack trace:
#0 C:\xampp\htdocs\yii\framework\web\widgets\captcha\CCaptchaAction.php(130): CCaptchaAction->renderImage()
#1 C:\xampp\htdocs\yii\framework\web\actions\CAction.php(76): CCaptchaAction->run()
#2 C:\xampp\htdocs\yii\framework\web\CController.php(308): CCaptchaAction->runWithParams()
#3 C:\xampp\htdocs\yii\framework\web\CController.php(286): SiteController->runAction()
#4 C:\xampp\htdocs\yii\framework\web\CController.php(265): SiteController->runActionWithFilters()
#5 C:\xampp\htdocs\yii\framework\web\CWebApplication.php(282): SiteController->run()
#6 C:\xampp\htdocs\yii\framework\web\CWebApplication.php(141): CWebApplication->runController()
#7 C:\xampp\htdocs\yii\framework\base\CApplication.php(180): CWebApplication->processRequest()
#8 C:\xampp\htdocs\SIMANSA\index.php(13): CWebApplication->run()
REQUEST_URI=/SIMANSA/index.php?r=site/captcha&v=53525efcad637
in C:\xampp\htdocs\SIMANSA\index.php (13)
2014/04/19 13:36:01 [error] [exception.CHttpException.404] exception 'CHttpException' with message 'Unable to find the code you requested.' in C:\xampp\htdocs\yii\framework\gii\CCodeGenerator.php:90
Stack trace:
#0 C:\xampp\htdocs\yii\framework\web\actions\CInlineAction.php(49): CCodeGenerator->actionCode()
#1 C:\xampp\htdocs\yii\framework\web\CController.php(308): CInlineAction->runWithParams(Array)
#2 C:\xampp\htdocs\yii\framework\web\CController.php(286): CController->runAction(Object(CInlineAction))
#3 C:\xampp\htdocs\yii\framework\web\CController.php(265): CController->runActionWithFilters(Object(CInlineAction), Array)
#4 C:\xampp\htdocs\yii\framework\web\CWebApplication.php(282): CController->run('code')
#5 C:\xampp\htdocs\yii\framework\web\CWebApplication.php(141): CWebApplication->runController('gii/model/code')
#6 C:\xampp\htdocs\yii\framework\base\CApplication.php(180): CWebApplication->processRequest()
#7 C:\xampp\htdocs\SIMANSA\index.php(13): CApplication->run()
#8 {main}
REQUEST_URI=/SIMANSA/index.php?r=gii/model/code&id=0
HTTP_REFERER=http://localhost/SIMANSA/index.php?r=gii/model/index
---
2014/04/19 13:36:39 [error] [exception.CHttpException.404] exception 'CHttpException' with message 'Unable to find the code you requested.' in C:\xampp\htdocs\yii\framework\gii\CCodeGenerator.php:90
Stack trace:
#0 C:\xampp\htdocs\yii\framework\web\actions\CInlineAction.php(49): CCodeGenerator->actionCode()
#1 C:\xampp\htdocs\yii\framework\web\CController.php(308): CInlineAction->runWithParams(Array)
#2 C:\xampp\htdocs\yii\framework\web\CController.php(286): CController->runAction(Object(CInlineAction))
#3 C:\xampp\htdocs\yii\framework\web\CController.php(265): CController->runActionWithFilters(Object(CInlineAction), Array)
#4 C:\xampp\htdocs\yii\framework\web\CWebApplication.php(282): CController->run('code')
#5 C:\xampp\htdocs\yii\framework\web\CWebApplication.php(141): CWebApplication->runController('gii/model/code')
#6 C:\xampp\htdocs\yii\framework\base\CApplication.php(180): CWebApplication->processRequest()
#7 C:\xampp\htdocs\SIMANSA\index.php(13): CApplication->run()
#8 {main}
REQUEST_URI=/SIMANSA/index.php?r=gii/model/code&id=0
HTTP_REFERER=http://localhost/SIMANSA/index.php?r=gii/model
---
2014/04/19 13:38:02 [error] [exception.CHttpException.404] exception 'CHttpException' with message 'Unable to find the code you requested.' in C:\xampp\htdocs\yii\framework\gii\CCodeGenerator.php:90
Stack trace:
#0 C:\xampp\htdocs\yii\framework\web\actions\CInlineAction.php(49): CCodeGenerator->actionCode()
#1 C:\xampp\htdocs\yii\framework\web\CController.php(308): CInlineAction->runWithParams(Array)
#2 C:\xampp\htdocs\yii\framework\web\CController.php(286): CController->runAction(Object(CInlineAction))
#3 C:\xampp\htdocs\yii\framework\web\CController.php(265): CController->runActionWithFilters(Object(CInlineAction), Array)
#4 C:\xampp\htdocs\yii\framework\web\CWebApplication.php(282): CController->run('code')
#5 C:\xampp\htdocs\yii\framework\web\CWebApplication.php(141): CWebApplication->runController('gii/model/code')
#6 C:\xampp\htdocs\yii\framework\base\CApplication.php(180): CWebApplication->processRequest()
#7 C:\xampp\htdocs\SIMANSA\index.php(13): CApplication->run()
#8 {main}
REQUEST_URI=/SIMANSA/index.php?r=gii/model/code&id=0
HTTP_REFERER=http://localhost/SIMANSA/index.php?r=gii/model/index
---
2014/04/19 13:38:47 [error] [exception.CHttpException.404] exception 'CHttpException' with message 'Unable to find the code you requested.' in C:\xampp\htdocs\yii\framework\gii\CCodeGenerator.php:90
Stack trace:
#0 C:\xampp\htdocs\yii\framework\web\actions\CInlineAction.php(49): CCodeGenerator->actionCode()
#1 C:\xampp\htdocs\yii\framework\web\CController.php(308): CInlineAction->runWithParams(Array)
#2 C:\xampp\htdocs\yii\framework\web\CController.php(286): CController->runAction(Object(CInlineAction))
#3 C:\xampp\htdocs\yii\framework\web\CController.php(265): CController->runActionWithFilters(Object(CInlineAction), Array)
#4 C:\xampp\htdocs\yii\framework\web\CWebApplication.php(282): CController->run('code')
#5 C:\xampp\htdocs\yii\framework\web\CWebApplication.php(141): CWebApplication->runController('gii/model/code')
#6 C:\xampp\htdocs\yii\framework\base\CApplication.php(180): CWebApplication->processRequest()
#7 C:\xampp\htdocs\SIMANSA\index.php(13): CApplication->run()
#8 {main}
REQUEST_URI=/SIMANSA/index.php?r=gii/model/code&id=0
HTTP_REFERER=http://localhost/SIMANSA/index.php?r=gii/model
---
2014/04/19 13:40:17 [error] [exception.CHttpException.404] exception 'CHttpException' with message 'Unable to find the code you requested.' in C:\xampp\htdocs\yii\framework\gii\CCodeGenerator.php:90
Stack trace:
#0 C:\xampp\htdocs\yii\framework\web\actions\CInlineAction.php(49): CCodeGenerator->actionCode()
#1 C:\xampp\htdocs\yii\framework\web\CController.php(308): CInlineAction->runWithParams(Array)
#2 C:\xampp\htdocs\yii\framework\web\CController.php(286): CController->runAction(Object(CInlineAction))
#3 C:\xampp\htdocs\yii\framework\web\CController.php(265): CController->runActionWithFilters(Object(CInlineAction), Array)
#4 C:\xampp\htdocs\yii\framework\web\CWebApplication.php(282): CController->run('code')
#5 C:\xampp\htdocs\yii\framework\web\CWebApplication.php(141): CWebApplication->runController('gii/crud/code')
#6 C:\xampp\htdocs\yii\framework\base\CApplication.php(180): CWebApplication->processRequest()
#7 C:\xampp\htdocs\SIMANSA\index.php(13): CApplication->run()
#8 {main}
REQUEST_URI=/SIMANSA/index.php?r=gii/crud/code&id=0
HTTP_REFERER=http://localhost/SIMANSA/index.php?r=gii/crud/index
---
2014/04/19 13:40:37 [error] [exception.CHttpException.404] exception 'CHttpException' with message 'Unable to resolve the request "Siswa".' in C:\xampp\htdocs\yii\framework\web\CWebApplication.php:286
Stack trace:
#0 C:\xampp\htdocs\yii\framework\web\CWebApplication.php(141): CWebApplication->runController('Siswa')
#1 C:\xampp\htdocs\yii\framework\base\CApplication.php(180): CWebApplication->processRequest()
#2 C:\xampp\htdocs\SIMANSA\index.php(13): CApplication->run()
#3 {main}
REQUEST_URI=/SIMANSA/index.php?r=Siswa
---
2014/04/19 13:40:38 [error] [exception.CHttpException.404] exception 'CHttpException' with message 'Unable to resolve the request "Siswa".' in C:\xampp\htdocs\yii\framework\web\CWebApplication.php:286
Stack trace:
#0 C:\xampp\htdocs\yii\framework\web\CWebApplication.php(141): CWebApplication->runController('Siswa')
#1 C:\xampp\htdocs\yii\framework\base\CApplication.php(180): CWebApplication->processRequest()
#2 C:\xampp\htdocs\SIMANSA\index.php(13): CApplication->run()
#3 {main}
REQUEST_URI=/SIMANSA/index.php?r=Siswa
---
2014/04/19 13:48:12 [error] [exception.CHttpException.404] exception 'CHttpException' with message 'Unable to resolve the request "siswa".' in C:\xampp\htdocs\yii\framework\web\CWebApplication.php:286
Stack trace:
#0 C:\xampp\htdocs\yii\framework\web\CWebApplication.php(141): CWebApplication->runController('siswa')
#1 C:\xampp\htdocs\yii\framework\base\CApplication.php(180): CWebApplication->processRequest()
#2 C:\xampp\htdocs\SIMANSA\index.php(13): CApplication->run()
#3 {main}
REQUEST_URI=/SIMANSA/index.php?r=siswa
---
2014/04/19 13:51:31 [error] [php] imagettfbbox(): Invalid font filename (C:\xampp\htdocs\yii\framework\web\widgets\captcha\CCaptchaAction.php:264)
Stack trace:
#0 C:\xampp\htdocs\yii\framework\web\widgets\captcha\CCaptchaAction.php(130): CCaptchaAction->renderImage()
#1 C:\xampp\htdocs\yii\framework\web\actions\CAction.php(76): CCaptchaAction->run()
#2 C:\xampp\htdocs\yii\framework\web\CController.php(308): CCaptchaAction->runWithParams()
#3 C:\xampp\htdocs\yii\framework\web\CController.php(286): SiteController->runAction()
#4 C:\xampp\htdocs\yii\framework\web\CController.php(265): SiteController->runActionWithFilters()
#5 C:\xampp\htdocs\yii\framework\web\CWebApplication.php(282): SiteController->run()
#6 C:\xampp\htdocs\yii\framework\web\CWebApplication.php(141): CWebApplication->runController()
#7 C:\xampp\htdocs\yii\framework\base\CApplication.php(180): CWebApplication->processRequest()
#8 C:\xampp\htdocs\SIMANSA\index.php(13): CWebApplication->run()
REQUEST_URI=/SIMANSA/index.php?r=site/captcha&v=535263436f1d3
in C:\xampp\htdocs\SIMANSA\index.php (13)
2014/04/19 13:51:43 [error] [php] imagettfbbox(): Invalid font filename (C:\xampp\htdocs\yii\framework\web\widgets\captcha\CCaptchaAction.php:264)
Stack trace:
#0 C:\xampp\htdocs\yii\framework\web\widgets\captcha\CCaptchaAction.php(130): CCaptchaAction->renderImage()
#1 C:\xampp\htdocs\yii\framework\web\actions\CAction.php(76): CCaptchaAction->run()
#2 C:\xampp\htdocs\yii\framework\web\CController.php(308): CCaptchaAction->runWithParams()
#3 C:\xampp\htdocs\yii\framework\web\CController.php(286): SiteController->runAction()
#4 C:\xampp\htdocs\yii\framework\web\CController.php(265): SiteController->runActionWithFilters()
#5 C:\xampp\htdocs\yii\framework\web\CWebApplication.php(282): SiteController->run()
#6 C:\xampp\htdocs\yii\framework\web\CWebApplication.php(141): CWebApplication->runController()
#7 C:\xampp\htdocs\yii\framework\base\CApplication.php(180): CWebApplication->processRequest()
#8 C:\xampp\htdocs\SIMANSA\index.php(13): CWebApplication->run()
REQUEST_URI=/SIMANSA/index.php?r=site/captcha&v=5352634f9d06e
in C:\xampp\htdocs\SIMANSA\index.php (13)
2014/04/19 13:51:45 [error] [php] imagettfbbox(): Invalid font filename (C:\xampp\htdocs\yii\framework\web\widgets\captcha\CCaptchaAction.php:264)
Stack trace:
#0 C:\xampp\htdocs\yii\framework\web\widgets\captcha\CCaptchaAction.php(130): CCaptchaAction->renderImage()
#1 C:\xampp\htdocs\yii\framework\web\actions\CAction.php(76): CCaptchaAction->run()
#2 C:\xampp\htdocs\yii\framework\web\CController.php(308): CCaptchaAction->runWithParams()
#3 C:\xampp\htdocs\yii\framework\web\CController.php(286): SiteController->runAction()
#4 C:\xampp\htdocs\yii\framework\web\CController.php(265): SiteController->runActionWithFilters()
#5 C:\xampp\htdocs\yii\framework\web\CWebApplication.php(282): SiteController->run()
#6 C:\xampp\htdocs\yii\framework\web\CWebApplication.php(141): CWebApplication->runController()
#7 C:\xampp\htdocs\yii\framework\base\CApplication.php(180): CWebApplication->processRequest()
#8 C:\xampp\htdocs\SIMANSA\index.php(13): CWebApplication->run()
REQUEST_URI=/SIMANSA/index.php?r=site/captcha&v=53526351304af
in C:\xampp\htdocs\SIMANSA\index.php (13)
2014/04/19 13:51:46 [error] [php] imagettfbbox(): Invalid font filename (C:\xampp\htdocs\yii\framework\web\widgets\captcha\CCaptchaAction.php:264)
Stack trace:
#0 C:\xampp\htdocs\yii\framework\web\widgets\captcha\CCaptchaAction.php(130): CCaptchaAction->renderImage()
#1 C:\xampp\htdocs\yii\framework\web\actions\CAction.php(76): CCaptchaAction->run()
#2 C:\xampp\htdocs\yii\framework\web\CController.php(308): CCaptchaAction->runWithParams()
#3 C:\xampp\htdocs\yii\framework\web\CController.php(286): SiteController->runAction()
#4 C:\xampp\htdocs\yii\framework\web\CController.php(265): SiteController->runActionWithFilters()
#5 C:\xampp\htdocs\yii\framework\web\CWebApplication.php(282): SiteController->run()
#6 C:\xampp\htdocs\yii\framework\web\CWebApplication.php(141): CWebApplication->runController()
#7 C:\xampp\htdocs\yii\framework\base\CApplication.php(180): CWebApplication->processRequest()
#8 C:\xampp\htdocs\SIMANSA\index.php(13): CWebApplication->run()
REQUEST_URI=/SIMANSA/index.php?r=site/captcha&v=53526352a504c
in C:\xampp\htdocs\SIMANSA\index.php (13)
2014/04/19 13:53:23 [error] [exception.CHttpException.404] exception 'CHttpException' with message 'Unable to resolve the request "siswa".' in C:\xampp\htdocs\yii\framework\web\CWebApplication.php:286
Stack trace:
#0 C:\xampp\htdocs\yii\framework\web\CWebApplication.php(141): CWebApplication->runController('siswa')
#1 C:\xampp\htdocs\yii\framework\base\CApplication.php(180): CWebApplication->processRequest()
#2 C:\xampp\htdocs\SIMANSA\index.php(13): CApplication->run()
#3 {main}
REQUEST_URI=/SIMANSA/index.php?r=siswa
---
2014/04/19 13:53:29 [error] [exception.CHttpException.404] exception 'CHttpException' with message 'Unable to resolve the request "siswaController".' in C:\xampp\htdocs\yii\framework\web\CWebApplication.php:286
Stack trace:
#0 C:\xampp\htdocs\yii\framework\web\CWebApplication.php(141): CWebApplication->runController('siswaController')
#1 C:\xampp\htdocs\yii\framework\base\CApplication.php(180): CWebApplication->processRequest()
#2 C:\xampp\htdocs\SIMANSA\index.php(13): CApplication->run()
#3 {main}
REQUEST_URI=/SIMANSA/index.php?r=siswaController
---
2014/04/19 13:53:31 [error] [exception.CHttpException.404] exception 'CHttpException' with message 'Unable to resolve the request "siswaController".' in C:\xampp\htdocs\yii\framework\web\CWebApplication.php:286
Stack trace:
#0 C:\xampp\htdocs\yii\framework\web\CWebApplication.php(141): CWebApplication->runController('siswaController')
#1 C:\xampp\htdocs\yii\framework\base\CApplication.php(180): CWebApplication->processRequest()
#2 C:\xampp\htdocs\SIMANSA\index.php(13): CApplication->run()
#3 {main}
REQUEST_URI=/SIMANSA/index.php?r=siswaController
---
2014/04/19 13:53:35 [error] [exception.CHttpException.404] exception 'CHttpException' with message 'Unable to resolve the request "siswaController/create".' in C:\xampp\htdocs\yii\framework\web\CWebApplication.php:286
Stack trace:
#0 C:\xampp\htdocs\yii\framework\web\CWebApplication.php(141): CWebApplication->runController('siswaController...')
#1 C:\xampp\htdocs\yii\framework\base\CApplication.php(180): CWebApplication->processRequest()
#2 C:\xampp\htdocs\SIMANSA\index.php(13): CApplication->run()
#3 {main}
REQUEST_URI=/SIMANSA/index.php?r=siswaController/create
---
2014/04/19 13:58:28 [error] [exception.CHttpException.404] exception 'CHttpException' with message 'Unable to find the code you requested.' in C:\xampp\htdocs\yii\framework\gii\CCodeGenerator.php:90
Stack trace:
#0 C:\xampp\htdocs\yii\framework\web\actions\CInlineAction.php(49): CCodeGenerator->actionCode()
#1 C:\xampp\htdocs\yii\framework\web\CController.php(308): CInlineAction->runWithParams(Array)
#2 C:\xampp\htdocs\yii\framework\web\CController.php(286): CController->runAction(Object(CInlineAction))
#3 C:\xampp\htdocs\yii\framework\web\CController.php(265): CController->runActionWithFilters(Object(CInlineAction), Array)
#4 C:\xampp\htdocs\yii\framework\web\CWebApplication.php(282): CController->run('code')
#5 C:\xampp\htdocs\yii\framework\web\CWebApplication.php(141): CWebApplication->runController('gii/crud/code')
#6 C:\xampp\htdocs\yii\framework\base\CApplication.php(180): CWebApplication->processRequest()
#7 C:\xampp\htdocs\SIMANSA\index.php(13): CApplication->run()
#8 {main}
REQUEST_URI=/SIMANSA/index.php?r=gii/crud/code&id=0
HTTP_REFERER=http://localhost/SIMANSA/index.php?r=gii/crud/index
---
2014/04/19 13:58:52 [error] [system.db.CDbCommand] CDbCommand::execute() failed: SQLSTATE[22007]: Invalid datetime format: 1292 Incorrect date value: '' for column 'TANGGAL_LAHIR' at row 1. The SQL statement executed was: INSERT INTO `t_siswa` (`NM_SISWA`, `NM_PANGGILAN`, `KD_JENIS_KELAMIN`, `KOTA_LAHIR`, `TANGGAL_LAHIR`, `ALAMAT`, `KD_GOL_DARAH`, `KD_AGAMA`, `STATUS_SISWA`, `KEWARGANEGARAAN`, `ANAK_KE`, `JUMLAH_KANDUNG`, `JUMLAH_TIRI`, `JUMLAH_ANGKAT`, `KD_TINGKAT_KELAS`, `KD_PROGRAM_PENGAJARAN`, `DITERIMA_TANGGAL`, `HUBUNGI`, `TANGGUNG_BIAYA`, `NO_INDUK`, `STATUS_ENTRI`, `JENIS_TINGGAL`, `USERNAME`, `NIS`, `NO_CALSIS`, `RT`, `RW`, `KD_POS`, `NO_TELP`, `NO_HP`, `STATUS_YATIM_PIATU`, `BAHASA`, `TINGGAL_DI`, `JARAK_SEK`, `KELAINAN_JASMANI`, `BERAT_BADAN`, `TINGGI_BADAN`, `ASAL_SMP`, `NO_STL_SMP`, `TANGGAL_STL_SMP`, `LAMA_BELAJAR_SMP`, `ASAL_SMA`, `PINDAH_ALASAN`, `TEMP_AKSES_NET`, `FREK_AKSES_NET`, `FREK_REKRE_KEL`, `NILAI`, `DIR_FOTO`, `KD_JENIS_KETUNAAN`, `KD_STATUS_DALAM_KELUARGA`, `TANGGAL_SKHUN_SMP`, `NO_SKHUN_SMP`, `NISN`, `NIK`, `KELURAHAN_DESA`, `KECAMATAN`, `KABUPATEN_KOTA`, `PROPINSI`, `KD_AREA`, `KD_JARAK_SEK`, `ALAT_TRANSPORTASI`, `EMAIL_PRIBADI`, `TANGGAL_AKSES`) VALUES (:yp0, :yp1, :yp2, :yp3, :yp4, :yp5, :yp6, :yp7, :yp8, :yp9, :yp10, :yp11, :yp12, :yp13, :yp14, :yp15, :yp16, :yp17, :yp18, :yp19, :yp20, :yp21, :yp22, :yp23, :yp24, :yp25, :yp26, :yp27, :yp28, :yp29, :yp30, :yp31, :yp32, :yp33, :yp34, :yp35, :yp36, :yp37, :yp38, :yp39, :yp40, :yp41, :yp42, :yp43, :yp44, :yp45, :yp46, :yp47, :yp48, :yp49, :yp50, :yp51, :yp52, :yp53, :yp54, :yp55, :yp56, :yp57, :yp58, :yp59, :yp60, :yp61, :yp62).
in C:\xampp\htdocs\SIMANSA\protected\controllers\SiswaController.php (73)
in C:\xampp\htdocs\SIMANSA\index.php (13)
2014/04/19 13:58:52 [error] [exception.CDbException] exception 'CDbException' with message 'CDbCommand failed to execute the SQL statement: SQLSTATE[22007]: Invalid datetime format: 1292 Incorrect date value: '' for column 'TANGGAL_LAHIR' at row 1. The SQL statement executed was: INSERT INTO `t_siswa` (`NM_SISWA`, `NM_PANGGILAN`, `KD_JENIS_KELAMIN`, `KOTA_LAHIR`, `TANGGAL_LAHIR`, `ALAMAT`, `KD_GOL_DARAH`, `KD_AGAMA`, `STATUS_SISWA`, `KEWARGANEGARAAN`, `ANAK_KE`, `JUMLAH_KANDUNG`, `JUMLAH_TIRI`, `JUMLAH_ANGKAT`, `KD_TINGKAT_KELAS`, `KD_PROGRAM_PENGAJARAN`, `DITERIMA_TANGGAL`, `HUBUNGI`, `TANGGUNG_BIAYA`, `NO_INDUK`, `STATUS_ENTRI`, `JENIS_TINGGAL`, `USERNAME`, `NIS`, `NO_CALSIS`, `RT`, `RW`, `KD_POS`, `NO_TELP`, `NO_HP`, `STATUS_YATIM_PIATU`, `BAHASA`, `TINGGAL_DI`, `JARAK_SEK`, `KELAINAN_JASMANI`, `BERAT_BADAN`, `TINGGI_BADAN`, `ASAL_SMP`, `NO_STL_SMP`, `TANGGAL_STL_SMP`, `LAMA_BELAJAR_SMP`, `ASAL_SMA`, `PINDAH_ALASAN`, `TEMP_AKSES_NET`, `FREK_AKSES_NET`, `FREK_REKRE_KEL`, `NILAI`, `DIR_FOTO`, `KD_JENIS_KETUNAAN`, `KD_STATUS_DALAM_KELUARGA`, `TANGGAL_SKHUN_SMP`, `NO_SKHUN_SMP`, `NISN`, `NIK`, `KELURAHAN_DESA`, `KECAMATAN`, `KABUPATEN_KOTA`, `PROPINSI`, `KD_AREA`, `KD_JARAK_SEK`, `ALAT_TRANSPORTASI`, `EMAIL_PRIBADI`, `TANGGAL_AKSES`) VALUES (:yp0, :yp1, :yp2, :yp3, :yp4, :yp5, :yp6, :yp7, :yp8, :yp9, :yp10, :yp11, :yp12, :yp13, :yp14, :yp15, :yp16, :yp17, :yp18, :yp19, :yp20, :yp21, :yp22, :yp23, :yp24, :yp25, :yp26, :yp27, :yp28, :yp29, :yp30, :yp31, :yp32, :yp33, :yp34, :yp35, :yp36, :yp37, :yp38, :yp39, :yp40, :yp41, :yp42, :yp43, :yp44, :yp45, :yp46, :yp47, :yp48, :yp49, :yp50, :yp51, :yp52, :yp53, :yp54, :yp55, :yp56, :yp57, :yp58, :yp59, :yp60, :yp61, :yp62)' in C:\xampp\htdocs\yii\framework\db\CDbCommand.php:358
Stack trace:
#0 C:\xampp\htdocs\yii\framework\db\ar\CActiveRecord.php(1077): CDbCommand->execute()
#1 C:\xampp\htdocs\yii\framework\db\ar\CActiveRecord.php(806): CActiveRecord->insert(NULL)
#2 C:\xampp\htdocs\SIMANSA\protected\controllers\SiswaController.php(73): CActiveRecord->save()
#3 C:\xampp\htdocs\yii\framework\web\actions\CInlineAction.php(49): SiswaController->actionCreate()
#4 C:\xampp\htdocs\yii\framework\web\CController.php(308): CInlineAction->runWithParams(Array)
#5 C:\xampp\htdocs\yii\framework\web\filters\CFilterChain.php(133): CController->runAction(Object(CInlineAction))
#6 C:\xampp\htdocs\yii\framework\web\filters\CFilter.php(40): CFilterChain->run()
#7 C:\xampp\htdocs\yii\framework\web\CController.php(1145): CFilter->filter(Object(CFilterChain))
#8 C:\xampp\htdocs\yii\framework\web\filters\CInlineFilter.php(58): CController->filterAccessControl(Object(CFilterChain))
#9 C:\xampp\htdocs\yii\framework\web\filters\CFilterChain.php(130): CInlineFilter->filter(Object(CFilterChain))
#10 C:\xampp\htdocs\yii\framework\web\CController.php(291): CFilterChain->run()
#11 C:\xampp\htdocs\yii\framework\web\CController.php(265): CController->runActionWithFilters(Object(CInlineAction), Array)
#12 C:\xampp\htdocs\yii\framework\web\CWebApplication.php(282): CController->run('create')
#13 C:\xampp\htdocs\yii\framework\web\CWebApplication.php(141): CWebApplication->runController('siswa/create')
#14 C:\xampp\htdocs\yii\framework\base\CApplication.php(180): CWebApplication->processRequest()
#15 C:\xampp\htdocs\SIMANSA\index.php(13): CApplication->run()
#16 {main}
REQUEST_URI=/SIMANSA/index.php?r=siswa/create
HTTP_REFERER=http://localhost/SIMANSA/index.php?r=siswa/create
---
2014/04/19 13:59:32 [error] [system.db.CDbCommand] CDbCommand::execute() failed: SQLSTATE[22007]: Invalid datetime format: 1292 Incorrect date value: '' for column 'TANGGAL_LAHIR' at row 1. The SQL statement executed was: INSERT INTO `t_siswa` (`NM_SISWA`, `NM_PANGGILAN`, `KD_JENIS_KELAMIN`, `KOTA_LAHIR`, `TANGGAL_LAHIR`, `ALAMAT`, `KD_GOL_DARAH`, `KD_AGAMA`, `STATUS_SISWA`, `KEWARGANEGARAAN`, `ANAK_KE`, `JUMLAH_KANDUNG`, `JUMLAH_TIRI`, `JUMLAH_ANGKAT`, `KD_TINGKAT_KELAS`, `KD_PROGRAM_PENGAJARAN`, `DITERIMA_TANGGAL`, `HUBUNGI`, `TANGGUNG_BIAYA`, `NO_INDUK`, `STATUS_ENTRI`, `JENIS_TINGGAL`, `USERNAME`, `NIS`, `NO_CALSIS`, `RT`, `RW`, `KD_POS`, `NO_TELP`, `NO_HP`, `STATUS_YATIM_PIATU`, `BAHASA`, `TINGGAL_DI`, `JARAK_SEK`, `KELAINAN_JASMANI`, `BERAT_BADAN`, `TINGGI_BADAN`, `ASAL_SMP`, `NO_STL_SMP`, `TANGGAL_STL_SMP`, `LAMA_BELAJAR_SMP`, `ASAL_SMA`, `PINDAH_ALASAN`, `TEMP_AKSES_NET`, `FREK_AKSES_NET`, `FREK_REKRE_KEL`, `NILAI`, `DIR_FOTO`, `KD_JENIS_KETUNAAN`, `KD_STATUS_DALAM_KELUARGA`, `TANGGAL_SKHUN_SMP`, `NO_SKHUN_SMP`, `NISN`, `NIK`, `KELURAHAN_DESA`, `KECAMATAN`, `KABUPATEN_KOTA`, `PROPINSI`, `KD_AREA`, `KD_JARAK_SEK`, `ALAT_TRANSPORTASI`, `EMAIL_PRIBADI`, `TANGGAL_AKSES`) VALUES (:yp0, :yp1, :yp2, :yp3, :yp4, :yp5, :yp6, :yp7, :yp8, :yp9, :yp10, :yp11, :yp12, :yp13, :yp14, :yp15, :yp16, :yp17, :yp18, :yp19, :yp20, :yp21, :yp22, :yp23, :yp24, :yp25, :yp26, :yp27, :yp28, :yp29, :yp30, :yp31, :yp32, :yp33, :yp34, :yp35, :yp36, :yp37, :yp38, :yp39, :yp40, :yp41, :yp42, :yp43, :yp44, :yp45, :yp46, :yp47, :yp48, :yp49, :yp50, :yp51, :yp52, :yp53, :yp54, :yp55, :yp56, :yp57, :yp58, :yp59, :yp60, :yp61, :yp62).
in C:\xampp\htdocs\SIMANSA\protected\controllers\SiswaController.php (73)
in C:\xampp\htdocs\SIMANSA\index.php (13)
2014/04/19 13:59:32 [error] [exception.CDbException] exception 'CDbException' with message 'CDbCommand failed to execute the SQL statement: SQLSTATE[22007]: Invalid datetime format: 1292 Incorrect date value: '' for column 'TANGGAL_LAHIR' at row 1. The SQL statement executed was: INSERT INTO `t_siswa` (`NM_SISWA`, `NM_PANGGILAN`, `KD_JENIS_KELAMIN`, `KOTA_LAHIR`, `TANGGAL_LAHIR`, `ALAMAT`, `KD_GOL_DARAH`, `KD_AGAMA`, `STATUS_SISWA`, `KEWARGANEGARAAN`, `ANAK_KE`, `JUMLAH_KANDUNG`, `JUMLAH_TIRI`, `JUMLAH_ANGKAT`, `KD_TINGKAT_KELAS`, `KD_PROGRAM_PENGAJARAN`, `DITERIMA_TANGGAL`, `HUBUNGI`, `TANGGUNG_BIAYA`, `NO_INDUK`, `STATUS_ENTRI`, `JENIS_TINGGAL`, `USERNAME`, `NIS`, `NO_CALSIS`, `RT`, `RW`, `KD_POS`, `NO_TELP`, `NO_HP`, `STATUS_YATIM_PIATU`, `BAHASA`, `TINGGAL_DI`, `JARAK_SEK`, `KELAINAN_JASMANI`, `BERAT_BADAN`, `TINGGI_BADAN`, `ASAL_SMP`, `NO_STL_SMP`, `TANGGAL_STL_SMP`, `LAMA_BELAJAR_SMP`, `ASAL_SMA`, `PINDAH_ALASAN`, `TEMP_AKSES_NET`, `FREK_AKSES_NET`, `FREK_REKRE_KEL`, `NILAI`, `DIR_FOTO`, `KD_JENIS_KETUNAAN`, `KD_STATUS_DALAM_KELUARGA`, `TANGGAL_SKHUN_SMP`, `NO_SKHUN_SMP`, `NISN`, `NIK`, `KELURAHAN_DESA`, `KECAMATAN`, `KABUPATEN_KOTA`, `PROPINSI`, `KD_AREA`, `KD_JARAK_SEK`, `ALAT_TRANSPORTASI`, `EMAIL_PRIBADI`, `TANGGAL_AKSES`) VALUES (:yp0, :yp1, :yp2, :yp3, :yp4, :yp5, :yp6, :yp7, :yp8, :yp9, :yp10, :yp11, :yp12, :yp13, :yp14, :yp15, :yp16, :yp17, :yp18, :yp19, :yp20, :yp21, :yp22, :yp23, :yp24, :yp25, :yp26, :yp27, :yp28, :yp29, :yp30, :yp31, :yp32, :yp33, :yp34, :yp35, :yp36, :yp37, :yp38, :yp39, :yp40, :yp41, :yp42, :yp43, :yp44, :yp45, :yp46, :yp47, :yp48, :yp49, :yp50, :yp51, :yp52, :yp53, :yp54, :yp55, :yp56, :yp57, :yp58, :yp59, :yp60, :yp61, :yp62)' in C:\xampp\htdocs\yii\framework\db\CDbCommand.php:358
Stack trace:
#0 C:\xampp\htdocs\yii\framework\db\ar\CActiveRecord.php(1077): CDbCommand->execute()
#1 C:\xampp\htdocs\yii\framework\db\ar\CActiveRecord.php(806): CActiveRecord->insert(NULL)
#2 C:\xampp\htdocs\SIMANSA\protected\controllers\SiswaController.php(73): CActiveRecord->save()
#3 C:\xampp\htdocs\yii\framework\web\actions\CInlineAction.php(49): SiswaController->actionCreate()
#4 C:\xampp\htdocs\yii\framework\web\CController.php(308): CInlineAction->runWithParams(Array)
#5 C:\xampp\htdocs\yii\framework\web\filters\CFilterChain.php(133): CController->runAction(Object(CInlineAction))
#6 C:\xampp\htdocs\yii\framework\web\filters\CFilter.php(40): CFilterChain->run()
#7 C:\xampp\htdocs\yii\framework\web\CController.php(1145): CFilter->filter(Object(CFilterChain))
#8 C:\xampp\htdocs\yii\framework\web\filters\CInlineFilter.php(58): CController->filterAccessControl(Object(CFilterChain))
#9 C:\xampp\htdocs\yii\framework\web\filters\CFilterChain.php(130): CInlineFilter->filter(Object(CFilterChain))
#10 C:\xampp\htdocs\yii\framework\web\CController.php(291): CFilterChain->run()
#11 C:\xampp\htdocs\yii\framework\web\CController.php(265): CController->runActionWithFilters(Object(CInlineAction), Array)
#12 C:\xampp\htdocs\yii\framework\web\CWebApplication.php(282): CController->run('create')
#13 C:\xampp\htdocs\yii\framework\web\CWebApplication.php(141): CWebApplication->runController('siswa/create')
#14 C:\xampp\htdocs\yii\framework\base\CApplication.php(180): CWebApplication->processRequest()
#15 C:\xampp\htdocs\SIMANSA\index.php(13): CApplication->run()
#16 {main}
REQUEST_URI=/SIMANSA/index.php?r=siswa/create
HTTP_REFERER=http://localhost/SIMANSA/index.php?r=siswa/create
---
2014/04/20 10:12:14 [error] [exception.CDbException] exception 'CDbException' with message 'CDbConnection failed to open the DB connection: SQLSTATE[HY000] [2002] No connection could be made because the target machine actively refused it.
' in C:\xampp\htdocs\yii\framework\db\CDbConnection.php:382
Stack trace:
#0 C:\xampp\htdocs\yii\framework\db\CDbConnection.php(330): CDbConnection->open()
#1 C:\xampp\htdocs\yii\framework\db\CDbConnection.php(308): CDbConnection->setActive(true)
#2 C:\xampp\htdocs\yii\framework\base\CModule.php(387): CDbConnection->init()
#3 C:\xampp\htdocs\yii\framework\base\CApplication.php(450): CModule->getComponent('db')
#4 C:\xampp\htdocs\yii\framework\db\ar\CActiveRecord.php(634): CApplication->getDb()
#5 C:\xampp\htdocs\yii\framework\db\ar\CActiveRecord.php(667): CActiveRecord->getDbConnection()
#6 C:\xampp\htdocs\yii\framework\db\ar\CActiveRecord.php(1595): CActiveRecord->getCommandBuilder()
#7 C:\xampp\htdocs\yii\framework\web\CActiveDataProvider.php(228): CActiveRecord->count(Object(CDbCriteria))
#8 C:\xampp\htdocs\yii\framework\web\CDataProvider.php(224): CActiveDataProvider->calculateTotalItemCount()
#9 C:\xampp\htdocs\yii\framework\web\CActiveDataProvider.php(178): CDataProvider->getTotalItemCount()
#10 C:\xampp\htdocs\yii\framework\web\CDataProvider.php(168): CActiveDataProvider->fetchData()
#11 C:\xampp\htdocs\yii\framework\zii\widgets\CBaseListView.php(111): CDataProvider->getData()
#12 C:\xampp\htdocs\yii\framework\zii\widgets\CListView.php(211): CBaseListView->init()
#13 C:\xampp\htdocs\yii\framework\web\CBaseController.php(147): CListView->init()
#14 C:\xampp\htdocs\yii\framework\web\CBaseController.php(172): CBaseController->createWidget('zii.widgets.CLi...', Array)
#15 C:\xampp\htdocs\SIMANSA\protected\views\siswa\index.php(20): CBaseController->widget('zii.widgets.CLi...', Array)
#16 C:\xampp\htdocs\yii\framework\web\CBaseController.php(126): require('C:\\xampp\\htdocs...')
#17 C:\xampp\htdocs\yii\framework\web\CBaseController.php(95): CBaseController->renderInternal('C:\\xampp\\htdocs...', Array, true)
#18 C:\xampp\htdocs\yii\framework\web\CController.php(869): CBaseController->renderFile('C:\\xampp\\htdocs...', Array, true)
#19 C:\xampp\htdocs\yii\framework\web\CController.php(782): CController->renderPartial('index', Array, true)
#20 C:\xampp\htdocs\SIMANSA\protected\controllers\SiswaController.php(128): CController->render('index', Array)
#21 C:\xampp\htdocs\yii\framework\web\actions\CInlineAction.php(49): SiswaController->actionIndex()
#22 C:\xampp\htdocs\yii\framework\web\CController.php(308): CInlineAction->runWithParams(Array)
#23 C:\xampp\htdocs\yii\framework\web\filters\CFilterChain.php(133): CController->runAction(Object(CInlineAction))
#24 C:\xampp\htdocs\yii\framework\web\filters\CFilter.php(40): CFilterChain->run()
#25 C:\xampp\htdocs\yii\framework\web\CController.php(1145): CFilter->filter(Object(CFilterChain))
#26 C:\xampp\htdocs\yii\framework\web\filters\CInlineFilter.php(58): CController->filterAccessControl(Object(CFilterChain))
#27 C:\xampp\htdocs\yii\framework\web\filters\CFilterChain.php(130): CInlineFilter->filter(Object(CFilterChain))
#28 C:\xampp\htdocs\yii\framework\web\CController.php(291): CFilterChain->run()
#29 C:\xampp\htdocs\yii\framework\web\CController.php(265): CController->runActionWithFilters(Object(CInlineAction), Array)
#30 C:\xampp\htdocs\yii\framework\web\CWebApplication.php(282): CController->run('')
#31 C:\xampp\htdocs\yii\framework\web\CWebApplication.php(141): CWebApplication->runController('siswa')
#32 C:\xampp\htdocs\yii\framework\base\CApplication.php(180): CWebApplication->processRequest()
#33 C:\xampp\htdocs\SIMANSA\index.php(13): CApplication->run()
#34 {main}
REQUEST_URI=/SIMANSA/index.php?r=siswa
---
2014/04/20 11:52:02 [error] [php] Undefined variable: dataProvider (C:\xampp\htdocs\SIMANSA\protected\views\siswaAbsensi\index.php:18)
Stack trace:
#0 C:\xampp\htdocs\yii\framework\web\CController.php(869): SiswaAbsensiController->renderFile()
#1 C:\xampp\htdocs\yii\framework\web\CController.php(782): SiswaAbsensiController->renderPartial()
#2 C:\xampp\htdocs\SIMANSA\protected\controllers\SiswaAbsensiController.php(9): SiswaAbsensiController->render()
#3 C:\xampp\htdocs\yii\framework\web\actions\CInlineAction.php(49): SiswaAbsensiController->actionIndex()
#4 C:\xampp\htdocs\yii\framework\web\CController.php(308): CInlineAction->runWithParams()
#5 C:\xampp\htdocs\yii\framework\web\CController.php(286): SiswaAbsensiController->runAction()
#6 C:\xampp\htdocs\yii\framework\web\CController.php(265): SiswaAbsensiController->runActionWithFilters()
#7 C:\xampp\htdocs\yii\framework\web\CWebApplication.php(282): SiswaAbsensiController->run()
#8 C:\xampp\htdocs\yii\framework\web\CWebApplication.php(141): CWebApplication->runController()
#9 C:\xampp\htdocs\yii\framework\base\CApplication.php(180): CWebApplication->processRequest()
#10 C:\xampp\htdocs\SIMANSA\index.php(13): CWebApplication->run()
REQUEST_URI=/SIMANSA/index.php?r=siswaAbsensi
in C:\xampp\htdocs\SIMANSA\protected\views\siswaAbsensi\index.php (18)
in C:\xampp\htdocs\SIMANSA\protected\controllers\SiswaAbsensiController.php (9)
in C:\xampp\htdocs\SIMANSA\index.php (13)
2014/04/20 11:54:46 [error] [php] Undefined variable: dataProvider (C:\xampp\htdocs\SIMANSA\protected\views\siswaAbsensi\index.php:18)
Stack trace:
#0 C:\xampp\htdocs\yii\framework\web\CController.php(869): SiswaAbsensiController->renderFile()
#1 C:\xampp\htdocs\yii\framework\web\CController.php(782): SiswaAbsensiController->renderPartial()
#2 C:\xampp\htdocs\SIMANSA\protected\controllers\SiswaAbsensiController.php(9): SiswaAbsensiController->render()
#3 C:\xampp\htdocs\yii\framework\web\actions\CInlineAction.php(49): SiswaAbsensiController->actionIndex()
#4 C:\xampp\htdocs\yii\framework\web\CController.php(308): CInlineAction->runWithParams()
#5 C:\xampp\htdocs\yii\framework\web\CController.php(286): SiswaAbsensiController->runAction()
#6 C:\xampp\htdocs\yii\framework\web\CController.php(265): SiswaAbsensiController->runActionWithFilters()
#7 C:\xampp\htdocs\yii\framework\web\CWebApplication.php(282): SiswaAbsensiController->run()
#8 C:\xampp\htdocs\yii\framework\web\CWebApplication.php(141): CWebApplication->runController()
#9 C:\xampp\htdocs\yii\framework\base\CApplication.php(180): CWebApplication->processRequest()
#10 C:\xampp\htdocs\SIMANSA\index.php(13): CWebApplication->run()
REQUEST_URI=/SIMANSA/index.php?r=siswaAbsensi
in C:\xampp\htdocs\SIMANSA\protected\views\siswaAbsensi\index.php (18)
in C:\xampp\htdocs\SIMANSA\protected\controllers\SiswaAbsensiController.php (9)
in C:\xampp\htdocs\SIMANSA\index.php (13)
2014/04/20 11:56:15 [error] [exception.CHttpException.404] exception 'CHttpException' with message 'The system is unable to find the requested action "create".' in C:\xampp\htdocs\yii\framework\web\CController.php:483
Stack trace:
#0 C:\xampp\htdocs\yii\framework\web\CController.php(270): CController->missingAction('create')
#1 C:\xampp\htdocs\yii\framework\web\CWebApplication.php(282): CController->run('create')
#2 C:\xampp\htdocs\yii\framework\web\CWebApplication.php(141): CWebApplication->runController('siswaAbsensi/cr...')
#3 C:\xampp\htdocs\yii\framework\base\CApplication.php(180): CWebApplication->processRequest()
#4 C:\xampp\htdocs\SIMANSA\index.php(13): CApplication->run()
#5 {main}
REQUEST_URI=/SIMANSA/index.php?r=siswaAbsensi/create
HTTP_REFERER=http://localhost/SIMANSA/index.php?r=siswaAbsensi
---
2014/04/21 04:03:59 [error] [exception.CHttpException.404] exception 'CHttpException' with message 'Unable to resolve the request "PembayaranSiswa".' in C:\xampp\htdocs\yii\framework\web\CWebApplication.php:286
Stack trace:
#0 C:\xampp\htdocs\yii\framework\web\CWebApplication.php(141): CWebApplication->runController('PembayaranSiswa')
#1 C:\xampp\htdocs\yii\framework\base\CApplication.php(180): CWebApplication->processRequest()
#2 C:\xampp\htdocs\SIMANSA\index.php(13): CApplication->run()
#3 {main}
REQUEST_URI=/SIMANSA/index.php?r=PembayaranSiswa
---
2014/04/21 04:19:32 [error] [php] Undefined variable: model (C:\xampp\htdocs\SIMANSA\protected\views\site\login.php:39)
Stack trace:
#0 C:\xampp\htdocs\yii\framework\web\CController.php(869): SiteController->renderFile()
#1 C:\xampp\htdocs\yii\framework\web\CController.php(782): SiteController->renderPartial()
#2 C:\xampp\htdocs\SIMANSA\protected\controllers\SiteController.php(32): SiteController->render()
#3 C:\xampp\htdocs\yii\framework\web\actions\CInlineAction.php(49): SiteController->actionIndex()
#4 C:\xampp\htdocs\yii\framework\web\CController.php(308): CInlineAction->runWithParams()
#5 C:\xampp\htdocs\yii\framework\web\CController.php(286): SiteController->runAction()
#6 C:\xampp\htdocs\yii\framework\web\CController.php(265): SiteController->runActionWithFilters()
#7 C:\xampp\htdocs\yii\framework\web\CWebApplication.php(282): SiteController->run()
#8 C:\xampp\htdocs\yii\framework\web\CWebApplication.php(141): CWebApplication->runController()
#9 C:\xampp\htdocs\yii\framework\base\CApplication.php(180): CWebApplication->processRequest()
#10 C:\xampp\htdocs\SIMANSA\index.php(13): CWebApplication->run()
REQUEST_URI=/SIMANSA/
in C:\xampp\htdocs\SIMANSA\protected\views\site\login.php (39)
in C:\xampp\htdocs\SIMANSA\protected\controllers\SiteController.php (32)
in C:\xampp\htdocs\SIMANSA\index.php (13)
2014/04/21 04:27:22 [error] [php] Cannot modify header information - headers already sent by (output started at C:\xampp\htdocs\yii\framework\web\CController.php:793) (C:\xampp\htdocs\yii\framework\web\CHttpRequest.php:803)
Stack trace:
#0 C:\xampp\htdocs\SIMANSA\protected\controllers\SiteController.php(34): SiteController->redirect()
#1 C:\xampp\htdocs\yii\framework\web\actions\CInlineAction.php(49): SiteController->actionIndex()
#2 C:\xampp\htdocs\yii\framework\web\CController.php(308): CInlineAction->runWithParams()
#3 C:\xampp\htdocs\yii\framework\web\CController.php(286): SiteController->runAction()
#4 C:\xampp\htdocs\yii\framework\web\CController.php(265): SiteController->runActionWithFilters()
#5 C:\xampp\htdocs\yii\framework\web\CWebApplication.php(282): SiteController->run()
#6 C:\xampp\htdocs\yii\framework\web\CWebApplication.php(141): CWebApplication->runController()
#7 C:\xampp\htdocs\yii\framework\base\CApplication.php(180): CWebApplication->processRequest()
#8 C:\xampp\htdocs\SIMANSA\index.php(13): CWebApplication->run()
REQUEST_URI=/SIMANSA/index.php
in C:\xampp\htdocs\SIMANSA\protected\controllers\SiteController.php (34)
in C:\xampp\htdocs\SIMANSA\index.php (13)
2014/04/21 04:27:35 [error] [php] Cannot modify header information - headers already sent by (output started at C:\xampp\htdocs\yii\framework\web\CController.php:793) (C:\xampp\htdocs\yii\framework\web\CHttpRequest.php:803)
Stack trace:
#0 C:\xampp\htdocs\SIMANSA\protected\controllers\SiteController.php(34): SiteController->redirect()
#1 C:\xampp\htdocs\yii\framework\web\actions\CInlineAction.php(49): SiteController->actionIndex()
#2 C:\xampp\htdocs\yii\framework\web\CController.php(308): CInlineAction->runWithParams()
#3 C:\xampp\htdocs\yii\framework\web\CController.php(286): SiteController->runAction()
#4 C:\xampp\htdocs\yii\framework\web\CController.php(265): SiteController->runActionWithFilters()
#5 C:\xampp\htdocs\yii\framework\web\CWebApplication.php(282): SiteController->run()
#6 C:\xampp\htdocs\yii\framework\web\CWebApplication.php(141): CWebApplication->runController()
#7 C:\xampp\htdocs\yii\framework\base\CApplication.php(180): CWebApplication->processRequest()
#8 C:\xampp\htdocs\SIMANSA\index.php(13): CWebApplication->run()
REQUEST_URI=/SIMANSA/
in C:\xampp\htdocs\SIMANSA\protected\controllers\SiteController.php (34)
in C:\xampp\htdocs\SIMANSA\index.php (13)
2014/04/21 04:37:47 [error] [exception.CHttpException.404] exception 'CHttpException' with message 'The system is unable to find the requested action "create".' in C:\xampp\htdocs\yii\framework\web\CController.php:483
Stack trace:
#0 C:\xampp\htdocs\yii\framework\web\CController.php(270): CController->missingAction('create')
#1 C:\xampp\htdocs\yii\framework\web\CWebApplication.php(282): CController->run('create')
#2 C:\xampp\htdocs\yii\framework\web\CWebApplication.php(141): CWebApplication->runController('siswaAbsensi/cr...')
#3 C:\xampp\htdocs\yii\framework\base\CApplication.php(180): CWebApplication->processRequest()
#4 C:\xampp\htdocs\SIMANSA\index.php(13): CApplication->run()
#5 {main}
REQUEST_URI=/SIMANSA/index.php?r=siswaAbsensi/create
HTTP_REFERER=http://localhost/SIMANSA/index.php?r=siswaAbsensi
---
2014/04/23 04:21:47 [error] [exception.CException] exception 'CException' with message 'User and its behaviors do not have a method or closure named "validatePassword".' in C:\xampp\htdocs\yii\framework\base\CComponent.php:266
Stack trace:
#0 C:\xampp\htdocs\yii\framework\db\ar\CActiveRecord.php(227): CComponent->__call('validatePasswor...', Array)
#1 C:\xampp\htdocs\SIMANSA\protected\components\UserIdentity.php(31): CActiveRecord->__call('validatePasswor...', Array)
#2 C:\xampp\htdocs\SIMANSA\protected\components\UserIdentity.php(31): User->validatePassword('majojol')
#3 C:\xampp\htdocs\SIMANSA\protected\models\LoginForm.php(52): UserIdentity->authenticate()
#4 C:\xampp\htdocs\yii\framework\validators\CInlineValidator.php(42): LoginForm->authenticate('password', Array)
#5 C:\xampp\htdocs\yii\framework\validators\CValidator.php(213): CInlineValidator->validateAttribute(Object(LoginForm), 'password')
#6 C:\xampp\htdocs\yii\framework\base\CModel.php(159): CValidator->validate(Object(LoginForm), NULL)
#7 C:\xampp\htdocs\SIMANSA\protected\controllers\SiteController.php(100): CModel->validate()
#8 C:\xampp\htdocs\yii\framework\web\actions\CInlineAction.php(49): SiteController->actionLogin()
#9 C:\xampp\htdocs\yii\framework\web\CController.php(308): CInlineAction->runWithParams(Array)
#10 C:\xampp\htdocs\yii\framework\web\CController.php(286): CController->runAction(Object(CInlineAction))
#11 C:\xampp\htdocs\yii\framework\web\CController.php(265): CController->runActionWithFilters(Object(CInlineAction), Array)
#12 C:\xampp\htdocs\yii\framework\web\CWebApplication.php(282): CController->run('login')
#13 C:\xampp\htdocs\yii\framework\web\CWebApplication.php(141): CWebApplication->runController('site/login')
#14 C:\xampp\htdocs\yii\framework\base\CApplication.php(180): CWebApplication->processRequest()
#15 C:\xampp\htdocs\SIMANSA\index.php(13): CApplication->run()
#16 {main}
REQUEST_URI=/SIMANSA/index.php?r=site/login
HTTP_REFERER=http://localhost/SIMANSA/index.php?r=site/login
---
2014/04/23 04:25:32 [error] [php] Undefined variable: password (C:\xampp\htdocs\SIMANSA\protected\models\User.php:92)
Stack trace:
#0 C:\xampp\htdocs\yii\framework\validators\CInlineValidator.php(42): LoginForm->authenticate()
#1 C:\xampp\htdocs\yii\framework\validators\CValidator.php(213): CInlineValidator->validateAttribute()
#2 C:\xampp\htdocs\yii\framework\base\CModel.php(159): CInlineValidator->validate()
#3 C:\xampp\htdocs\SIMANSA\protected\controllers\SiteController.php(100): LoginForm->validate()
#4 C:\xampp\htdocs\yii\framework\web\actions\CInlineAction.php(49): SiteController->actionLogin()
#5 C:\xampp\htdocs\yii\framework\web\CController.php(308): CInlineAction->runWithParams()
#6 C:\xampp\htdocs\yii\framework\web\CController.php(286): SiteController->runAction()
#7 C:\xampp\htdocs\yii\framework\web\CController.php(265): SiteController->runActionWithFilters()
#8 C:\xampp\htdocs\yii\framework\web\CWebApplication.php(282): SiteController->run()
#9 C:\xampp\htdocs\yii\framework\web\CWebApplication.php(141): CWebApplication->runController()
#10 C:\xampp\htdocs\yii\framework\base\CApplication.php(180): CWebApplication->processRequest()
#11 C:\xampp\htdocs\SIMANSA\index.php(13): CWebApplication->run()
REQUEST_URI=/SIMANSA/index.php?r=site/login
in C:\xampp\htdocs\SIMANSA\protected\models\User.php (92)
in C:\xampp\htdocs\SIMANSA\protected\components\UserIdentity.php (31)
in C:\xampp\htdocs\SIMANSA\protected\models\LoginForm.php (52)
2014/04/23 10:05:39 [error] [system.db.CDbCommand] CDbCommand::execute() failed: SQLSTATE[23000]: Integrity constraint violation: 1452 Cannot add or update a child row: a foreign key constraint fails (`pas_sma/r_pembayaran_siswa`, CONSTRAINT `r_pembayaran_siswa_ibfk_1` FOREIGN KEY (`USERNAME`) REFERENCES `__auth` (`USERNAME`)). The SQL statement executed was: INSERT INTO `r_pembayaran_siswa` (`NM_PEMBAYARAN_SISWA`, `USERNAME`, `TANGGAL_AKSES`) VALUES (:yp0, :yp1, :yp2).
in C:\xampp\htdocs\SIMANSA\protected\controllers\RPembayaranSiswaController.php (73)
in C:\xampp\htdocs\SIMANSA\index.php (13)
2014/04/23 10:05:39 [error] [exception.CDbException] exception 'CDbException' with message 'CDbCommand failed to execute the SQL statement: SQLSTATE[23000]: Integrity constraint violation: 1452 Cannot add or update a child row: a foreign key constraint fails (`pas_sma/r_pembayaran_siswa`, CONSTRAINT `r_pembayaran_siswa_ibfk_1` FOREIGN KEY (`USERNAME`) REFERENCES `__auth` (`USERNAME`)). The SQL statement executed was: INSERT INTO `r_pembayaran_siswa` (`NM_PEMBAYARAN_SISWA`, `USERNAME`, `TANGGAL_AKSES`) VALUES (:yp0, :yp1, :yp2)' in C:\xampp\htdocs\yii\framework\db\CDbCommand.php:358
Stack trace:
#0 C:\xampp\htdocs\yii\framework\db\ar\CActiveRecord.php(1077): CDbCommand->execute()
#1 C:\xampp\htdocs\yii\framework\db\ar\CActiveRecord.php(806): CActiveRecord->insert(NULL)
#2 C:\xampp\htdocs\SIMANSA\protected\controllers\RPembayaranSiswaController.php(73): CActiveRecord->save()
#3 C:\xampp\htdocs\yii\framework\web\actions\CInlineAction.php(49): RPembayaranSiswaController->actionCreate()
#4 C:\xampp\htdocs\yii\framework\web\CController.php(308): CInlineAction->runWithParams(Array)
#5 C:\xampp\htdocs\yii\framework\web\filters\CFilterChain.php(133): CController->runAction(Object(CInlineAction))
#6 C:\xampp\htdocs\yii\framework\web\filters\CFilter.php(40): CFilterChain->run()
#7 C:\xampp\htdocs\yii\framework\web\CController.php(1145): CFilter->filter(Object(CFilterChain))
#8 C:\xampp\htdocs\yii\framework\web\filters\CInlineFilter.php(58): CController->filterAccessControl(Object(CFilterChain))
#9 C:\xampp\htdocs\yii\framework\web\filters\CFilterChain.php(130): CInlineFilter->filter(Object(CFilterChain))
#10 C:\xampp\htdocs\yii\framework\web\CController.php(291): CFilterChain->run()
#11 C:\xampp\htdocs\yii\framework\web\CController.php(265): CController->runActionWithFilters(Object(CInlineAction), Array)
#12 C:\xampp\htdocs\yii\framework\web\CWebApplication.php(282): CController->run('create')
#13 C:\xampp\htdocs\yii\framework\web\CWebApplication.php(141): CWebApplication->runController('rPembayaranSisw...')
#14 C:\xampp\htdocs\yii\framework\base\CApplication.php(180): CWebApplication->processRequest()
#15 C:\xampp\htdocs\SIMANSA\index.php(13): CApplication->run()
#16 {main}
REQUEST_URI=/SIMANSA/index.php?r=rPembayaranSiswa/create
HTTP_REFERER=http://localhost/SIMANSA/index.php?r=rPembayaranSiswa/create
---
2014/04/23 10:06:10 [error] [exception.CHttpException.403] exception 'CHttpException' with message 'You are not authorized to perform this action.' in C:\xampp\htdocs\yii\framework\web\auth\CAccessControlFilter.php:182
Stack trace:
#0 C:\xampp\htdocs\yii\framework\web\auth\CAccessControlFilter.php(145): CAccessControlFilter->accessDenied(Object(EWebUser), 'You are not aut...')
#1 C:\xampp\htdocs\yii\framework\web\filters\CFilter.php(38): CAccessControlFilter->preFilter(Object(CFilterChain))
#2 C:\xampp\htdocs\yii\framework\web\CController.php(1145): CFilter->filter(Object(CFilterChain))
#3 C:\xampp\htdocs\yii\framework\web\filters\CInlineFilter.php(58): CController->filterAccessControl(Object(CFilterChain))
#4 C:\xampp\htdocs\yii\framework\web\filters\CFilterChain.php(130): CInlineFilter->filter(Object(CFilterChain))
#5 C:\xampp\htdocs\yii\framework\web\CController.php(291): CFilterChain->run()
#6 C:\xampp\htdocs\yii\framework\web\CController.php(265): CController->runActionWithFilters(Object(CInlineAction), Array)
#7 C:\xampp\htdocs\yii\framework\web\CWebApplication.php(282): CController->run('admin')
#8 C:\xampp\htdocs\yii\framework\web\CWebApplication.php(141): CWebApplication->runController('rPembayaranSisw...')
#9 C:\xampp\htdocs\yii\framework\base\CApplication.php(180): CWebApplication->processRequest()
#10 C:\xampp\htdocs\SIMANSA\index.php(13): CApplication->run()
#11 {main}
REQUEST_URI=/SIMANSA/index.php?r=rPembayaranSiswa/admin
HTTP_REFERER=http://localhost/SIMANSA/index.php?r=rPembayaranSiswa/create
---
2014/04/23 10:25:52 [error] [system.db.CDbCommand] CDbCommand::fetchAll() failed: SQLSTATE[42S02]: Base table or view not found: 1146 Table 'pas_sma.user' doesn't exist. The SQL statement executed was: SHOW FULL COLUMNS FROM `user`.
in C:\xampp\htdocs\SIMANSA\protected\components\UserIdentity.php (28)
in C:\xampp\htdocs\SIMANSA\protected\models\LoginForm.php (52)
in C:\xampp\htdocs\SIMANSA\protected\controllers\SiteController.php (100)
2014/04/23 10:25:52 [error] [exception.CDbException] exception 'CDbException' with message 'The table "user" for active record class "User" cannot be found in the database.' in C:\xampp\htdocs\yii\framework\db\ar\CActiveRecord.php:2362
Stack trace:
#0 C:\xampp\htdocs\yii\framework\db\ar\CActiveRecord.php(411): CActiveRecordMetaData->__construct(Object(User))
#1 C:\xampp\htdocs\yii\framework\db\ar\CActiveRecord.php(658): CActiveRecord->getMetaData()
#2 C:\xampp\htdocs\yii\framework\db\ar\CActiveRecord.php(1350): CActiveRecord->getTableSchema()
#3 C:\xampp\htdocs\yii\framework\db\ar\CActiveRecord.php(1456): CActiveRecord->query(Object(CDbCriteria))
#4 C:\xampp\htdocs\SIMANSA\protected\components\UserIdentity.php(28): CActiveRecord->find('LOWER(username)...', Array)
#5 C:\xampp\htdocs\SIMANSA\protected\models\LoginForm.php(52): UserIdentity->authenticate()
#6 C:\xampp\htdocs\yii\framework\validators\CInlineValidator.php(42): LoginForm->authenticate('password', Array)
#7 C:\xampp\htdocs\yii\framework\validators\CValidator.php(213): CInlineValidator->validateAttribute(Object(LoginForm), 'password')
#8 C:\xampp\htdocs\yii\framework\base\CModel.php(159): CValidator->validate(Object(LoginForm), NULL)
#9 C:\xampp\htdocs\SIMANSA\protected\controllers\SiteController.php(100): CModel->validate()
#10 C:\xampp\htdocs\yii\framework\web\actions\CInlineAction.php(49): SiteController->actionLogin()
#11 C:\xampp\htdocs\yii\framework\web\CController.php(308): CInlineAction->runWithParams(Array)
#12 C:\xampp\htdocs\yii\framework\web\CController.php(286): CController->runAction(Object(CInlineAction))
#13 C:\xampp\htdocs\yii\framework\web\CController.php(265): CController->runActionWithFilters(Object(CInlineAction), Array)
#14 C:\xampp\htdocs\yii\framework\web\CWebApplication.php(282): CController->run('login')
#15 C:\xampp\htdocs\yii\framework\web\CWebApplication.php(141): CWebApplication->runController('site/login')
#16 C:\xampp\htdocs\yii\framework\base\CApplication.php(180): CWebApplication->processRequest()
#17 C:\xampp\htdocs\SIMANSA\index.php(13): CApplication->run()
#18 {main}
REQUEST_URI=/SIMANSA/index.php?r=site/login
HTTP_REFERER=http://localhost/SIMANSA/index.php?r=site/login
---
2014/04/23 10:30:28 [error] [exception.CException] exception 'CException' with message 'Property "TSiswaAbsensi.nis" is not defined.' in C:\xampp\htdocs\yii\framework\base\CComponent.php:130
Stack trace:
#0 C:\xampp\htdocs\yii\framework\db\ar\CActiveRecord.php(145): CComponent->__get('nis')
#1 C:\xampp\htdocs\SIMANSA\protected\views\tSiswaAbsensi\_view.php(5): CActiveRecord->__get('nis')
#2 C:\xampp\htdocs\yii\framework\web\CBaseController.php(130): require('C:\\xampp\\htdocs...')
#3 C:\xampp\htdocs\yii\framework\web\CBaseController.php(95): CBaseController->renderInternal('C:\\xampp\\htdocs...', Array, false)
#4 C:\xampp\htdocs\yii\framework\zii\widgets\CListView.php(291): CBaseController->renderFile('C:\\xampp\\htdocs...', Array)
#5 C:\xampp\htdocs\yii\framework\zii\widgets\CBaseListView.php(167): CListView->renderItems()
#6 [internal function]: CBaseListView->renderSection(Array)
#7 C:\xampp\htdocs\yii\framework\zii\widgets\CBaseListView.php(150): preg_replace_callback('/{(\\w+)}/', Array, '{summary}\n{sort...')
#8 C:\xampp\htdocs\yii\framework\zii\widgets\CBaseListView.php(135): CBaseListView->renderContent()
#9 C:\xampp\htdocs\yii\framework\web\CBaseController.php(173): CBaseListView->run()
#10 C:\xampp\htdocs\SIMANSA\protected\views\tSiswaAbsensi\index.php(18): CBaseController->widget('zii.widgets.CLi...', Array)
#11 C:\xampp\htdocs\yii\framework\web\CBaseController.php(126): require('C:\\xampp\\htdocs...')
#12 C:\xampp\htdocs\yii\framework\web\CBaseController.php(95): CBaseController->renderInternal('C:\\xampp\\htdocs...', Array, true)
#13 C:\xampp\htdocs\yii\framework\web\CController.php(869): CBaseController->renderFile('C:\\xampp\\htdocs...', Array, true)
#14 C:\xampp\htdocs\yii\framework\web\CController.php(782): CController->renderPartial('index', Array, true)
#15 C:\xampp\htdocs\SIMANSA\protected\controllers\TSiswaAbsensiController.php(12): CController->render('index', Array)
#16 C:\xampp\htdocs\yii\framework\web\actions\CInlineAction.php(49): TSiswaAbsensiController->actionIndex()
#17 C:\xampp\htdocs\yii\framework\web\CController.php(308): CInlineAction->runWithParams(Array)
#18 C:\xampp\htdocs\yii\framework\web\CController.php(286): CController->runAction(Object(CInlineAction))
#19 C:\xampp\htdocs\yii\framework\web\CController.php(265): CController->runActionWithFilters(Object(CInlineAction), Array)
#20 C:\xampp\htdocs\yii\framework\web\CWebApplication.php(282): CController->run('')
#21 C:\xampp\htdocs\yii\framework\web\CWebApplication.php(141): CWebApplication->runController('tSiswaAbsensi')
#22 C:\xampp\htdocs\yii\framework\base\CApplication.php(180): CWebApplication->processRequest()
#23 C:\xampp\htdocs\SIMANSA\index.php(13): CApplication->run()
#24 {main}
REQUEST_URI=/SIMANSA/index.php?r=tSiswaAbsensi
HTTP_REFERER=http://localhost/SIMANSA/index.php
---
2014/04/23 10:30:41 [error] [exception.CException] exception 'CException' with message 'Property "TSiswaAbsensi.nis" is not defined.' in C:\xampp\htdocs\yii\framework\base\CComponent.php:130
Stack trace:
#0 C:\xampp\htdocs\yii\framework\db\ar\CActiveRecord.php(145): CComponent->__get('nis')
#1 C:\xampp\htdocs\SIMANSA\protected\views\tSiswaAbsensi\_view.php(5): CActiveRecord->__get('nis')
#2 C:\xampp\htdocs\yii\framework\web\CBaseController.php(130): require('C:\\xampp\\htdocs...')
#3 C:\xampp\htdocs\yii\framework\web\CBaseController.php(95): CBaseController->renderInternal('C:\\xampp\\htdocs...', Array, false)
#4 C:\xampp\htdocs\yii\framework\zii\widgets\CListView.php(291): CBaseController->renderFile('C:\\xampp\\htdocs...', Array)
#5 C:\xampp\htdocs\yii\framework\zii\widgets\CBaseListView.php(167): CListView->renderItems()
#6 [internal function]: CBaseListView->renderSection(Array)
#7 C:\xampp\htdocs\yii\framework\zii\widgets\CBaseListView.php(150): preg_replace_callback('/{(\\w+)}/', Array, '{summary}\n{sort...')
#8 C:\xampp\htdocs\yii\framework\zii\widgets\CBaseListView.php(135): CBaseListView->renderContent()
#9 C:\xampp\htdocs\yii\framework\web\CBaseController.php(173): CBaseListView->run()
#10 C:\xampp\htdocs\SIMANSA\protected\views\tSiswaAbsensi\index.php(18): CBaseController->widget('zii.widgets.CLi...', Array)
#11 C:\xampp\htdocs\yii\framework\web\CBaseController.php(126): require('C:\\xampp\\htdocs...')
#12 C:\xampp\htdocs\yii\framework\web\CBaseController.php(95): CBaseController->renderInternal('C:\\xampp\\htdocs...', Array, true)
#13 C:\xampp\htdocs\yii\framework\web\CController.php(869): CBaseController->renderFile('C:\\xampp\\htdocs...', Array, true)
#14 C:\xampp\htdocs\yii\framework\web\CController.php(782): CController->renderPartial('index', Array, true)
#15 C:\xampp\htdocs\SIMANSA\protected\controllers\TSiswaAbsensiController.php(12): CController->render('index', Array)
#16 C:\xampp\htdocs\yii\framework\web\actions\CInlineAction.php(49): TSiswaAbsensiController->actionIndex()
#17 C:\xampp\htdocs\yii\framework\web\CController.php(308): CInlineAction->runWithParams(Array)
#18 C:\xampp\htdocs\yii\framework\web\CController.php(286): CController->runAction(Object(CInlineAction))
#19 C:\xampp\htdocs\yii\framework\web\CController.php(265): CController->runActionWithFilters(Object(CInlineAction), Array)
#20 C:\xampp\htdocs\yii\framework\web\CWebApplication.php(282): CController->run('')
#21 C:\xampp\htdocs\yii\framework\web\CWebApplication.php(141): CWebApplication->runController('tSiswaAbsensi')
#22 C:\xampp\htdocs\yii\framework\base\CApplication.php(180): CWebApplication->processRequest()
#23 C:\xampp\htdocs\SIMANSA\index.php(13): CApplication->run()
#24 {main}
REQUEST_URI=/SIMANSA/index.php?r=tSiswaAbsensi
HTTP_REFERER=http://localhost/SIMANSA/index.php
---
2014/04/23 10:31:29 [error] [exception.CException] exception 'CException' with message 'Property "TNilaiRapor.KD_PROGRAM_PENGAJAR" is not defined.' in C:\xampp\htdocs\yii\framework\base\CComponent.php:130
Stack trace:
#0 C:\xampp\htdocs\yii\framework\db\ar\CActiveRecord.php(145): CComponent->__get('KD_PROGRAM_PENG...')
#1 C:\xampp\htdocs\SIMANSA\protected\views\tNilaiRapor\_view.php(5): CActiveRecord->__get('KD_PROGRAM_PENG...')
#2 C:\xampp\htdocs\yii\framework\web\CBaseController.php(130): require('C:\\xampp\\htdocs...')
#3 C:\xampp\htdocs\yii\framework\web\CBaseController.php(95): CBaseController->renderInternal('C:\\xampp\\htdocs...', Array, false)
#4 C:\xampp\htdocs\yii\framework\zii\widgets\CListView.php(291): CBaseController->renderFile('C:\\xampp\\htdocs...', Array)
#5 C:\xampp\htdocs\yii\framework\zii\widgets\CBaseListView.php(167): CListView->renderItems()
#6 [internal function]: CBaseListView->renderSection(Array)
#7 C:\xampp\htdocs\yii\framework\zii\widgets\CBaseListView.php(150): preg_replace_callback('/{(\\w+)}/', Array, '{summary}\n{sort...')
#8 C:\xampp\htdocs\yii\framework\zii\widgets\CBaseListView.php(135): CBaseListView->renderContent()
#9 C:\xampp\htdocs\yii\framework\web\CBaseController.php(173): CBaseListView->run()
#10 C:\xampp\htdocs\SIMANSA\protected\views\tNilaiRapor\index.php(18): CBaseController->widget('zii.widgets.CLi...', Array)
#11 C:\xampp\htdocs\yii\framework\web\CBaseController.php(126): require('C:\\xampp\\htdocs...')
#12 C:\xampp\htdocs\yii\framework\web\CBaseController.php(95): CBaseController->renderInternal('C:\\xampp\\htdocs...', Array, true)
#13 C:\xampp\htdocs\yii\framework\web\CController.php(869): CBaseController->renderFile('C:\\xampp\\htdocs...', Array, true)
#14 C:\xampp\htdocs\yii\framework\web\CController.php(782): CController->renderPartial('index', Array, true)
#15 C:\xampp\htdocs\SIMANSA\protected\controllers\TNilaiRaporController.php(11): CController->render('index', Array)
#16 C:\xampp\htdocs\yii\framework\web\actions\CInlineAction.php(49): TNilaiRaporController->actionIndex()
#17 C:\xampp\htdocs\yii\framework\web\CController.php(308): CInlineAction->runWithParams(Array)
#18 C:\xampp\htdocs\yii\framework\web\CController.php(286): CController->runAction(Object(CInlineAction))
#19 C:\xampp\htdocs\yii\framework\web\CController.php(265): CController->runActionWithFilters(Object(CInlineAction), Array)
#20 C:\xampp\htdocs\yii\framework\web\CWebApplication.php(282): CController->run('')
#21 C:\xampp\htdocs\yii\framework\web\CWebApplication.php(141): CWebApplication->runController('tNilaiRapor')
#22 C:\xampp\htdocs\yii\framework\base\CApplication.php(180): CWebApplication->processRequest()
#23 C:\xampp\htdocs\SIMANSA\index.php(13): CApplication->run()
#24 {main}
REQUEST_URI=/SIMANSA/index.php?r=tNilaiRapor
HTTP_REFERER=http://localhost/SIMANSA/index.php?r=rPembayaranSiswa/index
---
2014/04/23 10:32:03 [error] [exception.CException] exception 'CException' with message 'Property "TSiswaAbsensi.nis" is not defined.' in C:\xampp\htdocs\yii\framework\base\CComponent.php:130
Stack trace:
#0 C:\xampp\htdocs\yii\framework\db\ar\CActiveRecord.php(145): CComponent->__get('nis')
#1 C:\xampp\htdocs\SIMANSA\protected\views\tSiswaAbsensi\_view.php(5): CActiveRecord->__get('nis')
#2 C:\xampp\htdocs\yii\framework\web\CBaseController.php(130): require('C:\\xampp\\htdocs...')
#3 C:\xampp\htdocs\yii\framework\web\CBaseController.php(95): CBaseController->renderInternal('C:\\xampp\\htdocs...', Array, false)
#4 C:\xampp\htdocs\yii\framework\zii\widgets\CListView.php(291): CBaseController->renderFile('C:\\xampp\\htdocs...', Array)
#5 C:\xampp\htdocs\yii\framework\zii\widgets\CBaseListView.php(167): CListView->renderItems()
#6 [internal function]: CBaseListView->renderSection(Array)
#7 C:\xampp\htdocs\yii\framework\zii\widgets\CBaseListView.php(150): preg_replace_callback('/{(\\w+)}/', Array, '{summary}\n{sort...')
#8 C:\xampp\htdocs\yii\framework\zii\widgets\CBaseListView.php(135): CBaseListView->renderContent()
#9 C:\xampp\htdocs\yii\framework\web\CBaseController.php(173): CBaseListView->run()
#10 C:\xampp\htdocs\SIMANSA\protected\views\tSiswaAbsensi\index.php(18): CBaseController->widget('zii.widgets.CLi...', Array)
#11 C:\xampp\htdocs\yii\framework\web\CBaseController.php(126): require('C:\\xampp\\htdocs...')
#12 C:\xampp\htdocs\yii\framework\web\CBaseController.php(95): CBaseController->renderInternal('C:\\xampp\\htdocs...', Array, true)
#13 C:\xampp\htdocs\yii\framework\web\CController.php(869): CBaseController->renderFile('C:\\xampp\\htdocs...', Array, true)
#14 C:\xampp\htdocs\yii\framework\web\CController.php(782): CController->renderPartial('index', Array, true)
#15 C:\xampp\htdocs\SIMANSA\protected\controllers\TSiswaAbsensiController.php(12): CController->render('index', Array)
#16 C:\xampp\htdocs\yii\framework\web\actions\CInlineAction.php(49): TSiswaAbsensiController->actionIndex()
#17 C:\xampp\htdocs\yii\framework\web\CController.php(308): CInlineAction->runWithParams(Array)
#18 C:\xampp\htdocs\yii\framework\web\CController.php(286): CController->runAction(Object(CInlineAction))
#19 C:\xampp\htdocs\yii\framework\web\CController.php(265): CController->runActionWithFilters(Object(CInlineAction), Array)
#20 C:\xampp\htdocs\yii\framework\web\CWebApplication.php(282): CController->run('')
#21 C:\xampp\htdocs\yii\framework\web\CWebApplication.php(141): CWebApplication->runController('tSiswaAbsensi')
#22 C:\xampp\htdocs\yii\framework\base\CApplication.php(180): CWebApplication->processRequest()
#23 C:\xampp\htdocs\SIMANSA\index.php(13): CApplication->run()
#24 {main}
REQUEST_URI=/SIMANSA/index.php?r=tSiswaAbsensi
HTTP_REFERER=http://localhost/SIMANSA/index.php?r=siswa
---
2014/04/23 10:33:40 [error] [exception.CException] exception 'CException' with message 'Property "TNilaiRapor.KD_PROGRAM_PENGAJAR" is not defined.' in C:\xampp\htdocs\yii\framework\base\CComponent.php:130
Stack trace:
#0 C:\xampp\htdocs\yii\framework\db\ar\CActiveRecord.php(145): CComponent->__get('KD_PROGRAM_PENG...')
#1 C:\xampp\htdocs\SIMANSA\protected\views\tNilaiRapor\_view.php(5): CActiveRecord->__get('KD_PROGRAM_PENG...')
#2 C:\xampp\htdocs\yii\framework\web\CBaseController.php(130): require('C:\\xampp\\htdocs...')
#3 C:\xampp\htdocs\yii\framework\web\CBaseController.php(95): CBaseController->renderInternal('C:\\xampp\\htdocs...', Array, false)
#4 C:\xampp\htdocs\yii\framework\zii\widgets\CListView.php(291): CBaseController->renderFile('C:\\xampp\\htdocs...', Array)
#5 C:\xampp\htdocs\yii\framework\zii\widgets\CBaseListView.php(167): CListView->renderItems()
#6 [internal function]: CBaseListView->renderSection(Array)
#7 C:\xampp\htdocs\yii\framework\zii\widgets\CBaseListView.php(150): preg_replace_callback('/{(\\w+)}/', Array, '{summary}\n{sort...')
#8 C:\xampp\htdocs\yii\framework\zii\widgets\CBaseListView.php(135): CBaseListView->renderContent()
#9 C:\xampp\htdocs\yii\framework\web\CBaseController.php(173): CBaseListView->run()
#10 C:\xampp\htdocs\SIMANSA\protected\views\tNilaiRapor\index.php(18): CBaseController->widget('zii.widgets.CLi...', Array)
#11 C:\xampp\htdocs\yii\framework\web\CBaseController.php(126): require('C:\\xampp\\htdocs...')
#12 C:\xampp\htdocs\yii\framework\web\CBaseController.php(95): CBaseController->renderInternal('C:\\xampp\\htdocs...', Array, true)
#13 C:\xampp\htdocs\yii\framework\web\CController.php(869): CBaseController->renderFile('C:\\xampp\\htdocs...', Array, true)
#14 C:\xampp\htdocs\yii\framework\web\CController.php(782): CController->renderPartial('index', Array, true)
#15 C:\xampp\htdocs\SIMANSA\protected\controllers\TNilaiRaporController.php(11): CController->render('index', Array)
#16 C:\xampp\htdocs\yii\framework\web\actions\CInlineAction.php(49): TNilaiRaporController->actionIndex()
#17 C:\xampp\htdocs\yii\framework\web\CController.php(308): CInlineAction->runWithParams(Array)
#18 C:\xampp\htdocs\yii\framework\web\CController.php(286): CController->runAction(Object(CInlineAction))
#19 C:\xampp\htdocs\yii\framework\web\CController.php(265): CController->runActionWithFilters(Object(CInlineAction), Array)
#20 C:\xampp\htdocs\yii\framework\web\CWebApplication.php(282): CController->run('')
#21 C:\xampp\htdocs\yii\framework\web\CWebApplication.php(141): CWebApplication->runController('tNilaiRapor')
#22 C:\xampp\htdocs\yii\framework\base\CApplication.php(180): CWebApplication->processRequest()
#23 C:\xampp\htdocs\SIMANSA\index.php(13): CApplication->run()
#24 {main}
REQUEST_URI=/SIMANSA/index.php?r=tNilaiRapor
HTTP_REFERER=http://localhost/SIMANSA/index.php?r=site/index
---
2014/04/23 10:33:43 [error] [exception.CException] exception 'CException' with message 'Property "TSiswaAbsensi.nis" is not defined.' in C:\xampp\htdocs\yii\framework\base\CComponent.php:130
Stack trace:
#0 C:\xampp\htdocs\yii\framework\db\ar\CActiveRecord.php(145): CComponent->__get('nis')
#1 C:\xampp\htdocs\SIMANSA\protected\views\tSiswaAbsensi\_view.php(5): CActiveRecord->__get('nis')
#2 C:\xampp\htdocs\yii\framework\web\CBaseController.php(130): require('C:\\xampp\\htdocs...')
#3 C:\xampp\htdocs\yii\framework\web\CBaseController.php(95): CBaseController->renderInternal('C:\\xampp\\htdocs...', Array, false)
#4 C:\xampp\htdocs\yii\framework\zii\widgets\CListView.php(291): CBaseController->renderFile('C:\\xampp\\htdocs...', Array)
#5 C:\xampp\htdocs\yii\framework\zii\widgets\CBaseListView.php(167): CListView->renderItems()
#6 [internal function]: CBaseListView->renderSection(Array)
#7 C:\xampp\htdocs\yii\framework\zii\widgets\CBaseListView.php(150): preg_replace_callback('/{(\\w+)}/', Array, '{summary}\n{sort...')
#8 C:\xampp\htdocs\yii\framework\zii\widgets\CBaseListView.php(135): CBaseListView->renderContent()
#9 C:\xampp\htdocs\yii\framework\web\CBaseController.php(173): CBaseListView->run()
#10 C:\xampp\htdocs\SIMANSA\protected\views\tSiswaAbsensi\index.php(18): CBaseController->widget('zii.widgets.CLi...', Array)
#11 C:\xampp\htdocs\yii\framework\web\CBaseController.php(126): require('C:\\xampp\\htdocs...')
#12 C:\xampp\htdocs\yii\framework\web\CBaseController.php(95): CBaseController->renderInternal('C:\\xampp\\htdocs...', Array, true)
#13 C:\xampp\htdocs\yii\framework\web\CController.php(869): CBaseController->renderFile('C:\\xampp\\htdocs...', Array, true)
#14 C:\xampp\htdocs\yii\framework\web\CController.php(782): CController->renderPartial('index', Array, true)
#15 C:\xampp\htdocs\SIMANSA\protected\controllers\TSiswaAbsensiController.php(12): CController->render('index', Array)
#16 C:\xampp\htdocs\yii\framework\web\actions\CInlineAction.php(49): TSiswaAbsensiController->actionIndex()
#17 C:\xampp\htdocs\yii\framework\web\CController.php(308): CInlineAction->runWithParams(Array)
#18 C:\xampp\htdocs\yii\framework\web\CController.php(286): CController->runAction(Object(CInlineAction))
#19 C:\xampp\htdocs\yii\framework\web\CController.php(265): CController->runActionWithFilters(Object(CInlineAction), Array)
#20 C:\xampp\htdocs\yii\framework\web\CWebApplication.php(282): CController->run('')
#21 C:\xampp\htdocs\yii\framework\web\CWebApplication.php(141): CWebApplication->runController('tSiswaAbsensi')
#22 C:\xampp\htdocs\yii\framework\base\CApplication.php(180): CWebApplication->processRequest()
#23 C:\xampp\htdocs\SIMANSA\index.php(13): CApplication->run()
#24 {main}
REQUEST_URI=/SIMANSA/index.php?r=tSiswaAbsensi
HTTP_REFERER=http://localhost/SIMANSA/index.php?r=site/index
---
2014/04/23 13:19:09 [error] [exception.CException] exception 'CException' with message 'Property "TSiswaAbsensi.nis" is not defined.' in C:\xampp\htdocs\yii\framework\base\CComponent.php:130
Stack trace:
#0 C:\xampp\htdocs\yii\framework\db\ar\CActiveRecord.php(145): CComponent->__get('nis')
#1 C:\xampp\htdocs\SIMANSA\protected\views\tSiswaAbsensi\_view.php(5): CActiveRecord->__get('nis')
#2 C:\xampp\htdocs\yii\framework\web\CBaseController.php(130): require('C:\\xampp\\htdocs...')
#3 C:\xampp\htdocs\yii\framework\web\CBaseController.php(95): CBaseController->renderInternal('C:\\xampp\\htdocs...', Array, false)
#4 C:\xampp\htdocs\yii\framework\zii\widgets\CListView.php(291): CBaseController->renderFile('C:\\xampp\\htdocs...', Array)
#5 C:\xampp\htdocs\yii\framework\zii\widgets\CBaseListView.php(167): CListView->renderItems()
#6 [internal function]: CBaseListView->renderSection(Array)
#7 C:\xampp\htdocs\yii\framework\zii\widgets\CBaseListView.php(150): preg_replace_callback('/{(\\w+)}/', Array, '{summary}\n{sort...')
#8 C:\xampp\htdocs\yii\framework\zii\widgets\CBaseListView.php(135): CBaseListView->renderContent()
#9 C:\xampp\htdocs\yii\framework\web\CBaseController.php(173): CBaseListView->run()
#10 C:\xampp\htdocs\SIMANSA\protected\views\tSiswaAbsensi\index.php(18): CBaseController->widget('zii.widgets.CLi...', Array)
#11 C:\xampp\htdocs\yii\framework\web\CBaseController.php(126): require('C:\\xampp\\htdocs...')
#12 C:\xampp\htdocs\yii\framework\web\CBaseController.php(95): CBaseController->renderInternal('C:\\xampp\\htdocs...', Array, true)
#13 C:\xampp\htdocs\yii\framework\web\CController.php(869): CBaseController->renderFile('C:\\xampp\\htdocs...', Array, true)
#14 C:\xampp\htdocs\yii\framework\web\CController.php(782): CController->renderPartial('index', Array, true)
#15 C:\xampp\htdocs\SIMANSA\protected\controllers\TSiswaAbsensiController.php(12): CController->render('index', Array)
#16 C:\xampp\htdocs\yii\framework\web\actions\CInlineAction.php(49): TSiswaAbsensiController->actionIndex()
#17 C:\xampp\htdocs\yii\framework\web\CController.php(308): CInlineAction->runWithParams(Array)
#18 C:\xampp\htdocs\yii\framework\web\CController.php(286): CController->runAction(Object(CInlineAction))
#19 C:\xampp\htdocs\yii\framework\web\CController.php(265): CController->runActionWithFilters(Object(CInlineAction), Array)
#20 C:\xampp\htdocs\yii\framework\web\CWebApplication.php(282): CController->run('')
#21 C:\xampp\htdocs\yii\framework\web\CWebApplication.php(141): CWebApplication->runController('tSiswaAbsensi')
#22 C:\xampp\htdocs\yii\framework\base\CApplication.php(180): CWebApplication->processRequest()
#23 C:\xampp\htdocs\SIMANSA\index.php(13): CApplication->run()
#24 {main}
REQUEST_URI=/SIMANSA/index.php?r=tSiswaAbsensi
HTTP_REFERER=http://localhost/SIMANSA/index.php
---
2014/04/23 13:21:39 [error] [exception.CException] exception 'CException' with message 'Property "TSiswaAbsensi.nis" is not defined.' in C:\xampp\htdocs\yii\framework\base\CComponent.php:130
Stack trace:
#0 C:\xampp\htdocs\yii\framework\db\ar\CActiveRecord.php(145): CComponent->__get('nis')
#1 C:\xampp\htdocs\SIMANSA\protected\views\tSiswaAbsensi\_view.php(5): CActiveRecord->__get('nis')
#2 C:\xampp\htdocs\yii\framework\web\CBaseController.php(130): require('C:\\xampp\\htdocs...')
#3 C:\xampp\htdocs\yii\framework\web\CBaseController.php(95): CBaseController->renderInternal('C:\\xampp\\htdocs...', Array, false)
#4 C:\xampp\htdocs\yii\framework\zii\widgets\CListView.php(291): CBaseController->renderFile('C:\\xampp\\htdocs...', Array)
#5 C:\xampp\htdocs\yii\framework\zii\widgets\CBaseListView.php(167): CListView->renderItems()
#6 [internal function]: CBaseListView->renderSection(Array)
#7 C:\xampp\htdocs\yii\framework\zii\widgets\CBaseListView.php(150): preg_replace_callback('/{(\\w+)}/', Array, '{summary}\n{sort...')
#8 C:\xampp\htdocs\yii\framework\zii\widgets\CBaseListView.php(135): CBaseListView->renderContent()
#9 C:\xampp\htdocs\yii\framework\web\CBaseController.php(173): CBaseListView->run()
#10 C:\xampp\htdocs\SIMANSA\protected\views\tSiswaAbsensi\index.php(18): CBaseController->widget('zii.widgets.CLi...', Array)
#11 C:\xampp\htdocs\yii\framework\web\CBaseController.php(126): require('C:\\xampp\\htdocs...')
#12 C:\xampp\htdocs\yii\framework\web\CBaseController.php(95): CBaseController->renderInternal('C:\\xampp\\htdocs...', Array, true)
#13 C:\xampp\htdocs\yii\framework\web\CController.php(869): CBaseController->renderFile('C:\\xampp\\htdocs...', Array, true)
#14 C:\xampp\htdocs\yii\framework\web\CController.php(782): CController->renderPartial('index', Array, true)
#15 C:\xampp\htdocs\SIMANSA\protected\controllers\TSiswaAbsensiController.php(12): CController->render('index', Array)
#16 C:\xampp\htdocs\yii\framework\web\actions\CInlineAction.php(49): TSiswaAbsensiController->actionIndex()
#17 C:\xampp\htdocs\yii\framework\web\CController.php(308): CInlineAction->runWithParams(Array)
#18 C:\xampp\htdocs\yii\framework\web\CController.php(286): CController->runAction(Object(CInlineAction))
#19 C:\xampp\htdocs\yii\framework\web\CController.php(265): CController->runActionWithFilters(Object(CInlineAction), Array)
#20 C:\xampp\htdocs\yii\framework\web\CWebApplication.php(282): CController->run('')
#21 C:\xampp\htdocs\yii\framework\web\CWebApplication.php(141): CWebApplication->runController('tSiswaAbsensi')
#22 C:\xampp\htdocs\yii\framework\base\CApplication.php(180): CWebApplication->processRequest()
#23 C:\xampp\htdocs\SIMANSA\index.php(13): CApplication->run()
#24 {main}
REQUEST_URI=/SIMANSA/index.php?r=tSiswaAbsensi
---
2014/04/23 13:21:58 [error] [exception.CException] exception 'CException' with message 'Property "TSiswaAbsensi.nis" is not defined.' in C:\xampp\htdocs\yii\framework\base\CComponent.php:130
Stack trace:
#0 C:\xampp\htdocs\yii\framework\db\ar\CActiveRecord.php(145): CComponent->__get('nis')
#1 C:\xampp\htdocs\SIMANSA\protected\views\tSiswaAbsensi\_view.php(5): CActiveRecord->__get('nis')
#2 C:\xampp\htdocs\yii\framework\web\CBaseController.php(130): require('C:\\xampp\\htdocs...')
#3 C:\xampp\htdocs\yii\framework\web\CBaseController.php(95): CBaseController->renderInternal('C:\\xampp\\htdocs...', Array, false)
#4 C:\xampp\htdocs\yii\framework\zii\widgets\CListView.php(291): CBaseController->renderFile('C:\\xampp\\htdocs...', Array)
#5 C:\xampp\htdocs\yii\framework\zii\widgets\CBaseListView.php(167): CListView->renderItems()
#6 [internal function]: CBaseListView->renderSection(Array)
#7 C:\xampp\htdocs\yii\framework\zii\widgets\CBaseListView.php(150): preg_replace_callback('/{(\\w+)}/', Array, '{summary}\n{sort...')
#8 C:\xampp\htdocs\yii\framework\zii\widgets\CBaseListView.php(135): CBaseListView->renderContent()
#9 C:\xampp\htdocs\yii\framework\web\CBaseController.php(173): CBaseListView->run()
#10 C:\xampp\htdocs\SIMANSA\protected\views\tSiswaAbsensi\index.php(18): CBaseController->widget('zii.widgets.CLi...', Array)
#11 C:\xampp\htdocs\yii\framework\web\CBaseController.php(126): require('C:\\xampp\\htdocs...')
#12 C:\xampp\htdocs\yii\framework\web\CBaseController.php(95): CBaseController->renderInternal('C:\\xampp\\htdocs...', Array, true)
#13 C:\xampp\htdocs\yii\framework\web\CController.php(869): CBaseController->renderFile('C:\\xampp\\htdocs...', Array, true)
#14 C:\xampp\htdocs\yii\framework\web\CController.php(782): CController->renderPartial('index', Array, true)
#15 C:\xampp\htdocs\SIMANSA\protected\controllers\TSiswaAbsensiController.php(12): CController->render('index', Array)
#16 C:\xampp\htdocs\yii\framework\web\actions\CInlineAction.php(49): TSiswaAbsensiController->actionIndex()
#17 C:\xampp\htdocs\yii\framework\web\CController.php(308): CInlineAction->runWithParams(Array)
#18 C:\xampp\htdocs\yii\framework\web\CController.php(286): CController->runAction(Object(CInlineAction))
#19 C:\xampp\htdocs\yii\framework\web\CController.php(265): CController->runActionWithFilters(Object(CInlineAction), Array)
#20 C:\xampp\htdocs\yii\framework\web\CWebApplication.php(282): CController->run('')
#21 C:\xampp\htdocs\yii\framework\web\CWebApplication.php(141): CWebApplication->runController('tSiswaAbsensi')
#22 C:\xampp\htdocs\yii\framework\base\CApplication.php(180): CWebApplication->processRequest()
#23 C:\xampp\htdocs\SIMANSA\index.php(13): CApplication->run()
#24 {main}
REQUEST_URI=/SIMANSA/index.php?r=tSiswaAbsensi
HTTP_REFERER=http://localhost/SIMANSA/
---
2014/04/23 13:22:56 [error] [exception.CException] exception 'CException' with message 'Property "TNilaiRapor.KD_PROGRAM_PENGAJAR" is not defined.' in C:\xampp\htdocs\yii\framework\base\CComponent.php:130
Stack trace:
#0 C:\xampp\htdocs\yii\framework\db\ar\CActiveRecord.php(145): CComponent->__get('KD_PROGRAM_PENG...')
#1 C:\xampp\htdocs\SIMANSA\protected\views\tNilaiRapor\_view.php(5): CActiveRecord->__get('KD_PROGRAM_PENG...')
#2 C:\xampp\htdocs\yii\framework\web\CBaseController.php(130): require('C:\\xampp\\htdocs...')
#3 C:\xampp\htdocs\yii\framework\web\CBaseController.php(95): CBaseController->renderInternal('C:\\xampp\\htdocs...', Array, false)
#4 C:\xampp\htdocs\yii\framework\zii\widgets\CListView.php(291): CBaseController->renderFile('C:\\xampp\\htdocs...', Array)
#5 C:\xampp\htdocs\yii\framework\zii\widgets\CBaseListView.php(167): CListView->renderItems()
#6 [internal function]: CBaseListView->renderSection(Array)
#7 C:\xampp\htdocs\yii\framework\zii\widgets\CBaseListView.php(150): preg_replace_callback('/{(\\w+)}/', Array, '{summary}\n{sort...')
#8 C:\xampp\htdocs\yii\framework\zii\widgets\CBaseListView.php(135): CBaseListView->renderContent()
#9 C:\xampp\htdocs\yii\framework\web\CBaseController.php(173): CBaseListView->run()
#10 C:\xampp\htdocs\SIMANSA\protected\views\tNilaiRapor\index.php(18): CBaseController->widget('zii.widgets.CLi...', Array)
#11 C:\xampp\htdocs\yii\framework\web\CBaseController.php(126): require('C:\\xampp\\htdocs...')
#12 C:\xampp\htdocs\yii\framework\web\CBaseController.php(95): CBaseController->renderInternal('C:\\xampp\\htdocs...', Array, true)
#13 C:\xampp\htdocs\yii\framework\web\CController.php(869): CBaseController->renderFile('C:\\xampp\\htdocs...', Array, true)
#14 C:\xampp\htdocs\yii\framework\web\CController.php(782): CController->renderPartial('index', Array, true)
#15 C:\xampp\htdocs\SIMANSA\protected\controllers\TNilaiRaporController.php(11): CController->render('index', Array)
#16 C:\xampp\htdocs\yii\framework\web\actions\CInlineAction.php(49): TNilaiRaporController->actionIndex()
#17 C:\xampp\htdocs\yii\framework\web\CController.php(308): CInlineAction->runWithParams(Array)
#18 C:\xampp\htdocs\yii\framework\web\CController.php(286): CController->runAction(Object(CInlineAction))
#19 C:\xampp\htdocs\yii\framework\web\CController.php(265): CController->runActionWithFilters(Object(CInlineAction), Array)
#20 C:\xampp\htdocs\yii\framework\web\CWebApplication.php(282): CController->run('')
#21 C:\xampp\htdocs\yii\framework\web\CWebApplication.php(141): CWebApplication->runController('tNilaiRapor')
#22 C:\xampp\htdocs\yii\framework\base\CApplication.php(180): CWebApplication->processRequest()
#23 C:\xampp\htdocs\SIMANSA\index.php(13): CApplication->run()
#24 {main}
REQUEST_URI=/SIMANSA/index.php?r=tNilaiRapor
HTTP_REFERER=http://localhost/SIMANSA/index.php?r=site/index
---
2014/04/23 13:27:16 [error] [exception.CException] exception 'CException' with message 'Property "TSiswaAbsensi.nis" is not defined.' in C:\xampp\htdocs\yii\framework\base\CComponent.php:130
Stack trace:
#0 C:\xampp\htdocs\yii\framework\db\ar\CActiveRecord.php(145): CComponent->__get('nis')
#1 C:\xampp\htdocs\SIMANSA\protected\views\tSiswaAbsensi\_view.php(5): CActiveRecord->__get('nis')
#2 C:\xampp\htdocs\yii\framework\web\CBaseController.php(130): require('C:\\xampp\\htdocs...')
#3 C:\xampp\htdocs\yii\framework\web\CBaseController.php(95): CBaseController->renderInternal('C:\\xampp\\htdocs...', Array, false)
#4 C:\xampp\htdocs\yii\framework\zii\widgets\CListView.php(291): CBaseController->renderFile('C:\\xampp\\htdocs...', Array)
#5 C:\xampp\htdocs\yii\framework\zii\widgets\CBaseListView.php(167): CListView->renderItems()
#6 [internal function]: CBaseListView->renderSection(Array)
#7 C:\xampp\htdocs\yii\framework\zii\widgets\CBaseListView.php(150): preg_replace_callback('/{(\\w+)}/', Array, '{summary}\n{sort...')
#8 C:\xampp\htdocs\yii\framework\zii\widgets\CBaseListView.php(135): CBaseListView->renderContent()
#9 C:\xampp\htdocs\yii\framework\web\CBaseController.php(173): CBaseListView->run()
#10 C:\xampp\htdocs\SIMANSA\protected\views\tSiswaAbsensi\index.php(18): CBaseController->widget('zii.widgets.CLi...', Array)
#11 C:\xampp\htdocs\yii\framework\web\CBaseController.php(126): require('C:\\xampp\\htdocs...')
#12 C:\xampp\htdocs\yii\framework\web\CBaseController.php(95): CBaseController->renderInternal('C:\\xampp\\htdocs...', Array, true)
#13 C:\xampp\htdocs\yii\framework\web\CController.php(869): CBaseController->renderFile('C:\\xampp\\htdocs...', Array, true)
#14 C:\xampp\htdocs\yii\framework\web\CController.php(782): CController->renderPartial('index', Array, true)
#15 C:\xampp\htdocs\SIMANSA\protected\controllers\TSiswaAbsensiController.php(12): CController->render('index', Array)
#16 C:\xampp\htdocs\yii\framework\web\actions\CInlineAction.php(49): TSiswaAbsensiController->actionIndex()
#17 C:\xampp\htdocs\yii\framework\web\CController.php(308): CInlineAction->runWithParams(Array)
#18 C:\xampp\htdocs\yii\framework\web\CController.php(286): CController->runAction(Object(CInlineAction))
#19 C:\xampp\htdocs\yii\framework\web\CController.php(265): CController->runActionWithFilters(Object(CInlineAction), Array)
#20 C:\xampp\htdocs\yii\framework\web\CWebApplication.php(282): CController->run('')
#21 C:\xampp\htdocs\yii\framework\web\CWebApplication.php(141): CWebApplication->runController('tSiswaAbsensi')
#22 C:\xampp\htdocs\yii\framework\base\CApplication.php(180): CWebApplication->processRequest()
#23 C:\xampp\htdocs\SIMANSA\index.php(13): CApplication->run()
#24 {main}
REQUEST_URI=/SIMANSA/index.php?r=tSiswaAbsensi
---
2014/04/23 13:27:19 [error] [exception.CException] exception 'CException' with message 'Property "TNilaiRapor.KD_PROGRAM_PENGAJAR" is not defined.' in C:\xampp\htdocs\yii\framework\base\CComponent.php:130
Stack trace:
#0 C:\xampp\htdocs\yii\framework\db\ar\CActiveRecord.php(145): CComponent->__get('KD_PROGRAM_PENG...')
#1 C:\xampp\htdocs\SIMANSA\protected\views\tNilaiRapor\_view.php(5): CActiveRecord->__get('KD_PROGRAM_PENG...')
#2 C:\xampp\htdocs\yii\framework\web\CBaseController.php(130): require('C:\\xampp\\htdocs...')
#3 C:\xampp\htdocs\yii\framework\web\CBaseController.php(95): CBaseController->renderInternal('C:\\xampp\\htdocs...', Array, false)
#4 C:\xampp\htdocs\yii\framework\zii\widgets\CListView.php(291): CBaseController->renderFile('C:\\xampp\\htdocs...', Array)
#5 C:\xampp\htdocs\yii\framework\zii\widgets\CBaseListView.php(167): CListView->renderItems()
#6 [internal function]: CBaseListView->renderSection(Array)
#7 C:\xampp\htdocs\yii\framework\zii\widgets\CBaseListView.php(150): preg_replace_callback('/{(\\w+)}/', Array, '{summary}\n{sort...')
#8 C:\xampp\htdocs\yii\framework\zii\widgets\CBaseListView.php(135): CBaseListView->renderContent()
#9 C:\xampp\htdocs\yii\framework\web\CBaseController.php(173): CBaseListView->run()
#10 C:\xampp\htdocs\SIMANSA\protected\views\tNilaiRapor\index.php(18): CBaseController->widget('zii.widgets.CLi...', Array)
#11 C:\xampp\htdocs\yii\framework\web\CBaseController.php(126): require('C:\\xampp\\htdocs...')
#12 C:\xampp\htdocs\yii\framework\web\CBaseController.php(95): CBaseController->renderInternal('C:\\xampp\\htdocs...', Array, true)
#13 C:\xampp\htdocs\yii\framework\web\CController.php(869): CBaseController->renderFile('C:\\xampp\\htdocs...', Array, true)
#14 C:\xampp\htdocs\yii\framework\web\CController.php(782): CController->renderPartial('index', Array, true)
#15 C:\xampp\htdocs\SIMANSA\protected\controllers\TNilaiRaporController.php(11): CController->render('index', Array)
#16 C:\xampp\htdocs\yii\framework\web\actions\CInlineAction.php(49): TNilaiRaporController->actionIndex()
#17 C:\xampp\htdocs\yii\framework\web\CController.php(308): CInlineAction->runWithParams(Array)
#18 C:\xampp\htdocs\yii\framework\web\CController.php(286): CController->runAction(Object(CInlineAction))
#19 C:\xampp\htdocs\yii\framework\web\CController.php(265): CController->runActionWithFilters(Object(CInlineAction), Array)
#20 C:\xampp\htdocs\yii\framework\web\CWebApplication.php(282): CController->run('')
#21 C:\xampp\htdocs\yii\framework\web\CWebApplication.php(141): CWebApplication->runController('tNilaiRapor')
#22 C:\xampp\htdocs\yii\framework\base\CApplication.php(180): CWebApplication->processRequest()
#23 C:\xampp\htdocs\SIMANSA\index.php(13): CApplication->run()
#24 {main}
REQUEST_URI=/SIMANSA/index.php?r=tNilaiRapor
---
2014/04/23 13:27:39 [error] [exception.CException] exception 'CException' with message 'Property "TSiswaAbsensi.nis" is not defined.' in C:\xampp\htdocs\yii\framework\base\CComponent.php:130
Stack trace:
#0 C:\xampp\htdocs\yii\framework\db\ar\CActiveRecord.php(145): CComponent->__get('nis')
#1 C:\xampp\htdocs\SIMANSA\protected\views\tSiswaAbsensi\_view.php(5): CActiveRecord->__get('nis')
#2 C:\xampp\htdocs\yii\framework\web\CBaseController.php(130): require('C:\\xampp\\htdocs...')
#3 C:\xampp\htdocs\yii\framework\web\CBaseController.php(95): CBaseController->renderInternal('C:\\xampp\\htdocs...', Array, false)
#4 C:\xampp\htdocs\yii\framework\zii\widgets\CListView.php(291): CBaseController->renderFile('C:\\xampp\\htdocs...', Array)
#5 C:\xampp\htdocs\yii\framework\zii\widgets\CBaseListView.php(167): CListView->renderItems()
#6 [internal function]: CBaseListView->renderSection(Array)
#7 C:\xampp\htdocs\yii\framework\zii\widgets\CBaseListView.php(150): preg_replace_callback('/{(\\w+)}/', Array, '{summary}\n{sort...')
#8 C:\xampp\htdocs\yii\framework\zii\widgets\CBaseListView.php(135): CBaseListView->renderContent()
#9 C:\xampp\htdocs\yii\framework\web\CBaseController.php(173): CBaseListView->run()
#10 C:\xampp\htdocs\SIMANSA\protected\views\tSiswaAbsensi\index.php(18): CBaseController->widget('zii.widgets.CLi...', Array)
#11 C:\xampp\htdocs\yii\framework\web\CBaseController.php(126): require('C:\\xampp\\htdocs...')
#12 C:\xampp\htdocs\yii\framework\web\CBaseController.php(95): CBaseController->renderInternal('C:\\xampp\\htdocs...', Array, true)
#13 C:\xampp\htdocs\yii\framework\web\CController.php(869): CBaseController->renderFile('C:\\xampp\\htdocs...', Array, true)
#14 C:\xampp\htdocs\yii\framework\web\CController.php(782): CController->renderPartial('index', Array, true)
#15 C:\xampp\htdocs\SIMANSA\protected\controllers\TSiswaAbsensiController.php(12): CController->render('index', Array)
#16 C:\xampp\htdocs\yii\framework\web\actions\CInlineAction.php(49): TSiswaAbsensiController->actionIndex()
#17 C:\xampp\htdocs\yii\framework\web\CController.php(308): CInlineAction->runWithParams(Array)
#18 C:\xampp\htdocs\yii\framework\web\CController.php(286): CController->runAction(Object(CInlineAction))
#19 C:\xampp\htdocs\yii\framework\web\CController.php(265): CController->runActionWithFilters(Object(CInlineAction), Array)
#20 C:\xampp\htdocs\yii\framework\web\CWebApplication.php(282): CController->run('')
#21 C:\xampp\htdocs\yii\framework\web\CWebApplication.php(141): CWebApplication->runController('tSiswaAbsensi')
#22 C:\xampp\htdocs\yii\framework\base\CApplication.php(180): CWebApplication->processRequest()
#23 C:\xampp\htdocs\SIMANSA\index.php(13): CApplication->run()
#24 {main}
REQUEST_URI=/SIMANSA/index.php?r=tSiswaAbsensi
HTTP_REFERER=http://localhost/SIMANSA/index.php?r=site/index
---
2014/04/23 13:27:48 [error] [exception.CException] exception 'CException' with message 'Property "TNilaiRapor.KD_PROGRAM_PENGAJAR" is not defined.' in C:\xampp\htdocs\yii\framework\base\CComponent.php:130
Stack trace:
#0 C:\xampp\htdocs\yii\framework\db\ar\CActiveRecord.php(145): CComponent->__get('KD_PROGRAM_PENG...')
#1 C:\xampp\htdocs\SIMANSA\protected\views\tNilaiRapor\_view.php(5): CActiveRecord->__get('KD_PROGRAM_PENG...')
#2 C:\xampp\htdocs\yii\framework\web\CBaseController.php(130): require('C:\\xampp\\htdocs...')
#3 C:\xampp\htdocs\yii\framework\web\CBaseController.php(95): CBaseController->renderInternal('C:\\xampp\\htdocs...', Array, false)
#4 C:\xampp\htdocs\yii\framework\zii\widgets\CListView.php(291): CBaseController->renderFile('C:\\xampp\\htdocs...', Array)
#5 C:\xampp\htdocs\yii\framework\zii\widgets\CBaseListView.php(167): CListView->renderItems()
#6 [internal function]: CBaseListView->renderSection(Array)
#7 C:\xampp\htdocs\yii\framework\zii\widgets\CBaseListView.php(150): preg_replace_callback('/{(\\w+)}/', Array, '{summary}\n{sort...')
#8 C:\xampp\htdocs\yii\framework\zii\widgets\CBaseListView.php(135): CBaseListView->renderContent()
#9 C:\xampp\htdocs\yii\framework\web\CBaseController.php(173): CBaseListView->run()
#10 C:\xampp\htdocs\SIMANSA\protected\views\tNilaiRapor\index.php(18): CBaseController->widget('zii.widgets.CLi...', Array)
#11 C:\xampp\htdocs\yii\framework\web\CBaseController.php(126): require('C:\\xampp\\htdocs...')
#12 C:\xampp\htdocs\yii\framework\web\CBaseController.php(95): CBaseController->renderInternal('C:\\xampp\\htdocs...', Array, true)
#13 C:\xampp\htdocs\yii\framework\web\CController.php(869): CBaseController->renderFile('C:\\xampp\\htdocs...', Array, true)
#14 C:\xampp\htdocs\yii\framework\web\CController.php(782): CController->renderPartial('index', Array, true)
#15 C:\xampp\htdocs\SIMANSA\protected\controllers\TNilaiRaporController.php(11): CController->render('index', Array)
#16 C:\xampp\htdocs\yii\framework\web\actions\CInlineAction.php(49): TNilaiRaporController->actionIndex()
#17 C:\xampp\htdocs\yii\framework\web\CController.php(308): CInlineAction->runWithParams(Array)
#18 C:\xampp\htdocs\yii\framework\web\CController.php(286): CController->runAction(Object(CInlineAction))
#19 C:\xampp\htdocs\yii\framework\web\CController.php(265): CController->runActionWithFilters(Object(CInlineAction), Array)
#20 C:\xampp\htdocs\yii\framework\web\CWebApplication.php(282): CController->run('')
#21 C:\xampp\htdocs\yii\framework\web\CWebApplication.php(141): CWebApplication->runController('tNilaiRapor')
#22 C:\xampp\htdocs\yii\framework\base\CApplication.php(180): CWebApplication->processRequest()
#23 C:\xampp\htdocs\SIMANSA\index.php(13): CApplication->run()
#24 {main}
REQUEST_URI=/SIMANSA/index.php?r=tNilaiRapor
HTTP_REFERER=http://localhost/SIMANSA/index.php?r=site/index
---
2014/04/23 13:33:20 [error] [exception.CHttpException.404] exception 'CHttpException' with message 'Unable to resolve the request "s\".' in C:\xampp\htdocs\yii\framework\web\CWebApplication.php:286
Stack trace:
#0 C:\xampp\htdocs\yii\framework\web\CWebApplication.php(141): CWebApplication->runController('s\\')
#1 C:\xampp\htdocs\yii\framework\base\CApplication.php(180): CWebApplication->processRequest()
#2 C:\xampp\htdocs\SIMANSA\index.php(13): CApplication->run()
#3 {main}
REQUEST_URI=/SIMANSA/index.php?r=s\
---
2014/04/23 13:35:26 [error] [exception.CHttpException.403] exception 'CHttpException' with message 'You are not authorized to perform this action.' in C:\xampp\htdocs\yii\framework\web\auth\CAccessControlFilter.php:182
Stack trace:
#0 C:\xampp\htdocs\yii\framework\web\auth\CAccessControlFilter.php(145): CAccessControlFilter->accessDenied(Object(EWebUser), 'You are not aut...')
#1 C:\xampp\htdocs\yii\framework\web\filters\CFilter.php(38): CAccessControlFilter->preFilter(Object(CFilterChain))
#2 C:\xampp\htdocs\yii\framework\web\CController.php(1145): CFilter->filter(Object(CFilterChain))
#3 C:\xampp\htdocs\yii\framework\web\filters\CInlineFilter.php(58): CController->filterAccessControl(Object(CFilterChain))
#4 C:\xampp\htdocs\yii\framework\web\filters\CFilterChain.php(130): CInlineFilter->filter(Object(CFilterChain))
#5 C:\xampp\htdocs\yii\framework\web\CController.php(291): CFilterChain->run()
#6 C:\xampp\htdocs\yii\framework\web\CController.php(265): CController->runActionWithFilters(Object(CInlineAction), Array)
#7 C:\xampp\htdocs\yii\framework\web\CWebApplication.php(282): CController->run('')
#8 C:\xampp\htdocs\yii\framework\web\CWebApplication.php(141): CWebApplication->runController('siswa')
#9 C:\xampp\htdocs\yii\framework\base\CApplication.php(180): CWebApplication->processRequest()
#10 C:\xampp\htdocs\SIMANSA\index.php(13): CApplication->run()
#11 {main}
REQUEST_URI=/SIMANSA/index.php?r=siswa
HTTP_REFERER=http://localhost/SIMANSA/index.php
---
2014/04/23 13:35:40 [error] [exception.CHttpException.403] exception 'CHttpException' with message 'You are not authorized to perform this action.' in C:\xampp\htdocs\yii\framework\web\auth\CAccessControlFilter.php:182
Stack trace:
#0 C:\xampp\htdocs\yii\framework\web\auth\CAccessControlFilter.php(145): CAccessControlFilter->accessDenied(Object(EWebUser), 'You are not aut...')
#1 C:\xampp\htdocs\yii\framework\web\filters\CFilter.php(38): CAccessControlFilter->preFilter(Object(CFilterChain))
#2 C:\xampp\htdocs\yii\framework\web\CController.php(1145): CFilter->filter(Object(CFilterChain))
#3 C:\xampp\htdocs\yii\framework\web\filters\CInlineFilter.php(58): CController->filterAccessControl(Object(CFilterChain))
#4 C:\xampp\htdocs\yii\framework\web\filters\CFilterChain.php(130): CInlineFilter->filter(Object(CFilterChain))
#5 C:\xampp\htdocs\yii\framework\web\CController.php(291): CFilterChain->run()
#6 C:\xampp\htdocs\yii\framework\web\CController.php(265): CController->runActionWithFilters(Object(CInlineAction), Array)
#7 C:\xampp\htdocs\yii\framework\web\CWebApplication.php(282): CController->run('')
#8 C:\xampp\htdocs\yii\framework\web\CWebApplication.php(141): CWebApplication->runController('siswa')
#9 C:\xampp\htdocs\yii\framework\base\CApplication.php(180): CWebApplication->processRequest()
#10 C:\xampp\htdocs\SIMANSA\index.php(13): CApplication->run()
#11 {main}
REQUEST_URI=/SIMANSA/index.php?r=siswa
---
2014/04/23 13:36:00 [error] [exception.CHttpException.403] exception 'CHttpException' with message 'You are not authorized to perform this action.' in C:\xampp\htdocs\yii\framework\web\auth\CAccessControlFilter.php:182
Stack trace:
#0 C:\xampp\htdocs\yii\framework\web\auth\CAccessControlFilter.php(145): CAccessControlFilter->accessDenied(Object(EWebUser), 'You are not aut...')
#1 C:\xampp\htdocs\yii\framework\web\filters\CFilter.php(38): CAccessControlFilter->preFilter(Object(CFilterChain))
#2 C:\xampp\htdocs\yii\framework\web\CController.php(1145): CFilter->filter(Object(CFilterChain))
#3 C:\xampp\htdocs\yii\framework\web\filters\CInlineFilter.php(58): CController->filterAccessControl(Object(CFilterChain))
#4 C:\xampp\htdocs\yii\framework\web\filters\CFilterChain.php(130): CInlineFilter->filter(Object(CFilterChain))
#5 C:\xampp\htdocs\yii\framework\web\CController.php(291): CFilterChain->run()
#6 C:\xampp\htdocs\yii\framework\web\CController.php(265): CController->runActionWithFilters(Object(CInlineAction), Array)
#7 C:\xampp\htdocs\yii\framework\web\CWebApplication.php(282): CController->run('')
#8 C:\xampp\htdocs\yii\framework\web\CWebApplication.php(141): CWebApplication->runController('rPembayaranSisw...')
#9 C:\xampp\htdocs\yii\framework\base\CApplication.php(180): CWebApplication->processRequest()
#10 C:\xampp\htdocs\SIMANSA\index.php(13): CApplication->run()
#11 {main}
REQUEST_URI=/SIMANSA/index.php?r=rPembayaranSiswa
---
2014/04/23 15:03:13 [error] [exception.CHttpException.404] exception 'CHttpException' with message 'Unable to resolve the request "login".' in C:\xampp\htdocs\yii\framework\web\CWebApplication.php:286
Stack trace:
#0 C:\xampp\htdocs\yii\framework\web\CWebApplication.php(141): CWebApplication->runController('login')
#1 C:\xampp\htdocs\yii\framework\base\CApplication.php(180): CWebApplication->processRequest()
#2 C:\xampp\htdocs\SIMANSA\index.php(13): CApplication->run()
#3 {main}
REQUEST_URI=/SIMANSA/index.php?r=login
---
